TN:
SF:src/analyzer/dependency-graph.js
FN:22,locKey
FN:33,isAstNode
FN:53,collectIdentifierReferences
FN:68,(anonymous_3)
FN:86,(anonymous_4)
FN:111,traverseAst
FN:119,(anonymous_6)
FN:136,(anonymous_7)
FN:155,buildDependencyGraph
FN:160,(anonymous_9)
FN:164,(anonymous_10)
FN:177,(anonymous_11)
FN:200,(anonymous_12)
FN:229,detectCycles
FN:231,(anonymous_14)
FN:244,dfs
FN:269,(anonymous_16)
FN:285,normalizeSemantic
FN:291,(anonymous_18)
FN:312,(anonymous_19)
FN:313,(anonymous_20)
FN:325,(anonymous_21)
FN:335,(anonymous_22)
FNF:23
FNH:11
FNDA:0,locKey
FNDA:0,isAstNode
FNDA:0,collectIdentifierReferences
FNDA:0,(anonymous_3)
FNDA:0,(anonymous_4)
FNDA:852,traverseAst
FNDA:3780,(anonymous_6)
FNDA:328,(anonymous_7)
FNDA:71,buildDependencyGraph
FNDA:75,(anonymous_9)
FNDA:0,(anonymous_10)
FNDA:810,(anonymous_11)
FNDA:0,(anonymous_12)
FNDA:71,detectCycles
FNDA:0,(anonymous_14)
FNDA:0,dfs
FNDA:0,(anonymous_16)
FNDA:71,normalizeSemantic
FNDA:75,(anonymous_18)
FNDA:75,(anonymous_19)
FNDA:42,(anonymous_20)
FNDA:0,(anonymous_21)
FNDA:0,(anonymous_22)
DA:23,0
DA:24,0
DA:34,0
DA:54,0
DA:55,0
DA:56,0
DA:57,0
DA:59,0
DA:60,0
DA:65,0
DA:68,0
DA:70,0
DA:82,0
DA:84,0
DA:85,0
DA:86,0
DA:87,0
DA:88,0
DA:90,0
DA:94,0
DA:98,0
DA:112,852
DA:113,836
DA:114,836
DA:115,832
DA:117,832
DA:119,832
DA:120,3780
DA:132,1038
DA:134,2742
DA:135,2742
DA:136,433
DA:137,328
DA:139,2309
DA:156,71
DA:157,71
DA:158,71
DA:160,71
DA:161,75
DA:162,0
DA:163,0
DA:164,0
DA:165,0
DA:166,0
DA:177,71
DA:178,810
DA:179,0
DA:180,0
DA:181,0
DA:182,0
DA:183,0
DA:184,0
DA:188,0
DA:189,0
DA:199,0
DA:200,0
DA:201,0
DA:202,0
DA:213,71
DA:214,71
DA:230,71
DA:231,71
DA:233,0
DA:234,0
DA:235,0
DA:238,71
DA:239,71
DA:240,71
DA:241,71
DA:242,71
DA:245,0
DA:246,0
DA:247,0
DA:249,0
DA:250,0
DA:251,0
DA:252,0
DA:253,0
DA:254,0
DA:255,0
DA:256,0
DA:257,0
DA:258,0
DA:259,0
DA:260,0
DA:265,0
DA:266,0
DA:269,71
DA:270,0
DA:273,71
DA:286,71
DA:287,71
DA:288,71
DA:289,71
DA:291,71
DA:292,75
DA:311,71
DA:312,71
DA:313,75
DA:314,42
DA:322,71
DA:326,0
DA:336,0
DA:341,4
LF:104
LH:43
BRDA:23,0,0,0
BRDA:23,0,1,0
BRDA:23,1,0,0
BRDA:23,1,1,0
BRDA:34,2,0,0
BRDA:34,2,1,0
BRDA:34,2,2,0
BRDA:54,3,0,0
BRDA:54,3,1,0
BRDA:54,4,0,0
BRDA:54,4,1,0
BRDA:55,5,0,0
BRDA:55,5,1,0
BRDA:56,6,0,0
BRDA:56,6,1,0
BRDA:59,7,0,0
BRDA:59,7,1,0
BRDA:59,8,0,0
BRDA:59,8,1,0
BRDA:63,9,0,0
BRDA:63,9,1,0
BRDA:70,10,0,0
BRDA:70,10,1,0
BRDA:71,11,0,0
BRDA:71,11,1,0
BRDA:71,11,2,0
BRDA:71,11,3,0
BRDA:71,11,4,0
BRDA:71,11,5,0
BRDA:71,11,6,0
BRDA:71,11,7,0
BRDA:71,11,8,0
BRDA:71,11,9,0
BRDA:85,12,0,0
BRDA:85,12,1,0
BRDA:87,13,0,0
BRDA:87,13,1,0
BRDA:87,14,0,0
BRDA:87,14,1,0
BRDA:87,14,2,0
BRDA:90,15,0,0
BRDA:90,15,1,0
BRDA:91,16,0,0
BRDA:91,16,1,0
BRDA:91,16,2,0
BRDA:91,16,3,0
BRDA:91,16,4,0
BRDA:112,17,0,16
BRDA:112,17,1,836
BRDA:112,18,0,852
BRDA:112,18,1,852
BRDA:113,19,0,71
BRDA:113,19,1,765
BRDA:114,20,0,4
BRDA:114,20,1,832
BRDA:117,21,0,810
BRDA:117,21,1,22
BRDA:120,22,0,1038
BRDA:120,22,1,2742
BRDA:121,23,0,3780
BRDA:121,23,1,2975
BRDA:121,23,2,2900
BRDA:121,23,3,2855
BRDA:121,23,4,2742
BRDA:121,23,5,2742
BRDA:121,23,6,2742
BRDA:121,23,7,2742
BRDA:121,23,8,2742
BRDA:121,23,9,2742
BRDA:135,24,0,433
BRDA:135,24,1,2309
BRDA:139,25,0,453
BRDA:139,25,1,1856
BRDA:139,26,0,2309
BRDA:139,26,1,1927
BRDA:156,27,0,71
BRDA:156,27,1,0
BRDA:156,28,0,71
BRDA:156,28,1,71
BRDA:157,29,0,71
BRDA:157,29,1,71
BRDA:157,30,0,71
BRDA:157,30,1,71
BRDA:161,31,0,75
BRDA:161,31,1,0
BRDA:161,32,0,75
BRDA:161,32,1,75
BRDA:161,32,2,0
BRDA:165,33,0,0
BRDA:165,33,1,0
BRDA:165,34,0,0
BRDA:165,34,1,0
BRDA:165,34,2,0
BRDA:168,35,0,0
BRDA:168,35,1,0
BRDA:170,36,0,0
BRDA:170,36,1,0
BRDA:178,37,0,810
BRDA:178,37,1,0
BRDA:180,38,0,0
BRDA:180,38,1,0
BRDA:180,39,0,0
BRDA:180,39,1,0
BRDA:182,40,0,0
BRDA:182,40,1,0
BRDA:188,41,0,0
BRDA:188,41,1,0
BRDA:193,42,0,0
BRDA:193,42,1,0
BRDA:195,43,0,0
BRDA:195,43,1,0
BRDA:201,44,0,0
BRDA:201,44,1,0
BRDA:206,45,0,0
BRDA:206,45,1,0
BRDA:233,46,0,0
BRDA:233,46,1,0
BRDA:233,47,0,0
BRDA:233,47,1,0
BRDA:233,47,2,0
BRDA:234,48,0,0
BRDA:234,48,1,0
BRDA:249,49,0,0
BRDA:249,49,1,0
BRDA:252,50,0,0
BRDA:252,50,1,0
BRDA:254,51,0,0
BRDA:254,51,1,0
BRDA:258,52,0,0
BRDA:258,52,1,0
BRDA:270,53,0,0
BRDA:270,53,1,0
BRDA:286,54,0,71
BRDA:286,54,1,71
BRDA:286,55,0,71
BRDA:286,55,1,71
BRDA:287,56,0,71
BRDA:287,56,1,71
BRDA:287,57,0,71
BRDA:287,57,1,71
BRDA:288,58,0,71
BRDA:288,58,1,71
BRDA:288,59,0,71
BRDA:288,59,1,71
BRDA:289,60,0,71
BRDA:289,60,1,71
BRDA:289,61,0,71
BRDA:289,61,1,71
BRDA:293,62,0,75
BRDA:293,62,1,75
BRDA:296,63,0,75
BRDA:296,63,1,75
BRDA:296,64,0,75
BRDA:296,64,1,75
BRDA:297,65,0,75
BRDA:297,65,1,75
BRDA:298,66,0,75
BRDA:298,66,1,75
BRDA:305,67,0,75
BRDA:305,67,1,75
BRDA:306,68,0,75
BRDA:306,68,1,75
BRDA:307,69,0,0
BRDA:307,69,1,75
BRDA:307,70,0,0
BRDA:307,70,1,75
BRDA:313,71,0,75
BRDA:313,71,1,75
BRDA:315,72,0,42
BRDA:315,72,1,42
BRDA:317,73,0,42
BRDA:317,73,1,42
BRDA:328,74,0,0
BRDA:328,74,1,0
BRDA:330,75,0,0
BRDA:330,75,1,0
BRDA:332,76,0,0
BRDA:332,76,1,0
BRDA:336,77,0,0
BRDA:336,77,1,0
BRF:180
BRH:77
end_of_record
TN:
SF:src/analyzer/promptjs-analyzer.js
FN:40,PromptJSAnalyzer
FN:75,(anonymous_1)
FN:87,(anonymous_2)
FN:116,(anonymous_3)
FN:135,(anonymous_4)
FN:155,(anonymous_5)
FN:215,(anonymous_6)
FN:244,(anonymous_7)
FN:278,(anonymous_8)
FN:298,(anonymous_9)
FN:327,(anonymous_10)
FN:330,(anonymous_11)
FN:349,(anonymous_12)
FN:419,(anonymous_13)
FN:428,(anonymous_14)
FN:470,(anonymous_15)
FN:501,(anonymous_16)
FN:519,(anonymous_17)
FN:533,(anonymous_18)
FN:556,(anonymous_19)
FN:573,(anonymous_20)
FN:591,(anonymous_21)
FN:604,(anonymous_22)
FN:617,(anonymous_23)
FN:631,(anonymous_24)
FN:647,(anonymous_25)
FN:670,(anonymous_26)
FN:691,(anonymous_27)
FN:703,(anonymous_28)
FN:715,(anonymous_29)
FN:727,(anonymous_30)
FN:739,(anonymous_31)
FN:751,(anonymous_32)
FN:763,(anonymous_33)
FN:778,(anonymous_34)
FN:805,(anonymous_35)
FN:825,(anonymous_36)
FN:846,(anonymous_37)
FN:859,(anonymous_38)
FN:872,(anonymous_39)
FN:885,(anonymous_40)
FN:902,(anonymous_41)
FN:919,(anonymous_42)
FN:940,(anonymous_43)
FNF:44
FNH:17
FNDA:71,PromptJSAnalyzer
FNDA:71,(anonymous_1)
FNDA:75,(anonymous_2)
FNDA:0,(anonymous_3)
FNDA:28,(anonymous_4)
FNDA:0,(anonymous_5)
FNDA:7,(anonymous_6)
FNDA:0,(anonymous_7)
FNDA:0,(anonymous_8)
FNDA:71,(anonymous_9)
FNDA:0,(anonymous_10)
FNDA:0,(anonymous_11)
FNDA:71,(anonymous_12)
FNDA:6,(anonymous_13)
FNDA:10,(anonymous_14)
FNDA:0,(anonymous_15)
FNDA:0,(anonymous_16)
FNDA:2,(anonymous_17)
FNDA:53,(anonymous_18)
FNDA:0,(anonymous_19)
FNDA:0,(anonymous_20)
FNDA:0,(anonymous_21)
FNDA:0,(anonymous_22)
FNDA:0,(anonymous_23)
FNDA:0,(anonymous_24)
FNDA:7,(anonymous_25)
FNDA:0,(anonymous_26)
FNDA:0,(anonymous_27)
FNDA:0,(anonymous_28)
FNDA:0,(anonymous_29)
FNDA:0,(anonymous_30)
FNDA:0,(anonymous_31)
FNDA:0,(anonymous_32)
FNDA:0,(anonymous_33)
FNDA:0,(anonymous_34)
FNDA:2,(anonymous_35)
FNDA:0,(anonymous_36)
FNDA:9,(anonymous_37)
FNDA:0,(anonymous_38)
FNDA:3,(anonymous_39)
FNDA:0,(anonymous_40)
FNDA:105,(anonymous_41)
FNDA:0,(anonymous_42)
FNDA:65,(anonymous_43)
DA:24,4
DA:25,4
DA:26,4
DA:41,71
DA:42,71
DA:43,71
DA:44,71
DA:45,71
DA:48,71
DA:58,4
DA:59,4
DA:66,4
DA:75,4
DA:76,71
DA:77,71
DA:78,71
DA:79,71
DA:81,71
DA:82,71
DA:83,71
DA:84,71
DA:85,71
DA:86,71
DA:89,75
DA:90,75
DA:91,75
DA:95,71
DA:96,71
DA:97,71
DA:98,71
DA:116,4
DA:117,0
DA:135,4
DA:136,28
DA:155,4
DA:156,0
DA:158,0
DA:159,0
DA:160,0
DA:161,0
DA:162,0
DA:163,0
DA:164,0
DA:165,0
DA:167,0
DA:168,0
DA:169,0
DA:170,0
DA:173,0
DA:174,0
DA:175,0
DA:176,0
DA:179,0
DA:181,0
DA:182,0
DA:183,0
DA:184,0
DA:185,0
DA:187,0
DA:189,0
DA:190,0
DA:191,0
DA:197,0
DA:198,0
DA:215,4
DA:217,7
DA:218,7
DA:221,0
DA:222,0
DA:224,0
DA:225,0
DA:226,0
DA:227,0
DA:230,0
DA:244,4
DA:245,0
DA:246,0
DA:247,0
DA:248,0
DA:249,0
DA:250,0
DA:256,0
DA:258,0
DA:259,0
DA:278,4
DA:279,0
DA:280,0
DA:298,4
DA:299,71
DA:301,71
DA:302,71
DA:303,71
DA:305,71
DA:306,0
DA:307,0
DA:308,0
DA:309,0
DA:318,71
DA:327,4
DA:329,0
DA:330,0
DA:331,0
DA:332,0
DA:334,0
DA:349,4
DA:350,71
DA:352,71
DA:353,71
DA:354,71
DA:356,71
DA:357,71
DA:358,75
DA:359,75
DA:363,65
DA:366,59
DA:368,59
DA:369,75
DA:370,75
DA:371,75
DA:374,75
DA:375,28
DA:381,28
DA:385,31
DA:386,0
DA:392,0
DA:396,31
DA:397,0
DA:419,4
DA:420,6
DA:421,6
DA:424,6
DA:425,6
DA:427,6
DA:428,6
DA:430,10
DA:431,0
DA:438,10
DA:441,10
DA:442,0
DA:443,10
DA:444,0
DA:452,10
DA:456,6
DA:457,6
DA:470,4
DA:471,0
DA:472,0
DA:480,0
DA:481,0
DA:488,0
DA:501,4
DA:502,0
DA:503,0
DA:505,0
DA:506,0
DA:519,4
DA:520,2
DA:521,0
DA:523,2
DA:533,4
DA:534,53
DA:535,0
DA:538,0
DA:539,0
DA:546,53
DA:556,4
DA:557,0
DA:558,0
DA:560,0
DA:573,4
DA:575,0
DA:577,0
DA:579,0
DA:591,4
DA:592,0
DA:593,0
DA:594,0
DA:604,4
DA:605,0
DA:606,0
DA:607,0
DA:617,4
DA:618,0
DA:619,0
DA:620,0
DA:631,4
DA:633,0
DA:635,0
DA:636,0
DA:647,4
DA:648,7
DA:649,7
DA:650,6
DA:651,0
DA:659,7
DA:670,4
DA:671,0
DA:672,0
DA:673,0
DA:680,0
DA:691,4
DA:692,0
DA:703,4
DA:704,0
DA:715,4
DA:716,0
DA:727,4
DA:728,0
DA:739,4
DA:740,0
DA:751,4
DA:752,0
DA:763,4
DA:764,0
DA:778,4
DA:779,0
DA:780,0
DA:781,0
DA:788,0
DA:789,0
DA:805,4
DA:808,2
DA:809,0
DA:825,4
DA:826,0
DA:827,0
DA:846,4
DA:847,9
DA:848,9
DA:849,9
DA:859,4
DA:860,0
DA:861,0
DA:862,0
DA:872,4
DA:873,3
DA:874,3
DA:875,3
DA:885,4
DA:886,0
DA:887,0
DA:888,0
DA:889,0
DA:902,4
DA:903,105
DA:904,105
DA:905,105
DA:906,105
DA:919,4
DA:920,0
DA:921,0
DA:922,0
DA:929,0
DA:940,4
DA:945,4
LF:255
LH:130
BRDA:79,0,0,71
BRDA:79,0,1,0
BRDA:83,1,0,71
BRDA:83,1,1,0
BRDA:83,2,0,71
BRDA:83,2,1,71
BRDA:83,2,2,71
BRDA:89,3,0,75
BRDA:89,3,1,0
BRDA:90,4,0,75
BRDA:90,4,1,0
BRDA:120,5,0,0
BRDA:120,5,1,0
BRDA:139,6,0,28
BRDA:139,6,1,0
BRDA:156,7,0,0
BRDA:156,7,1,0
BRDA:156,8,0,0
BRDA:156,8,1,0
BRDA:156,8,2,0
BRDA:159,9,0,0
BRDA:159,9,1,0
BRDA:160,10,0,0
BRDA:160,10,1,0
BRDA:161,11,0,0
BRDA:161,11,1,0
BRDA:162,12,0,0
BRDA:162,12,1,0
BRDA:163,13,0,0
BRDA:163,13,1,0
BRDA:164,14,0,0
BRDA:164,14,1,0
BRDA:165,15,0,0
BRDA:165,15,1,0
BRDA:168,16,0,0
BRDA:168,16,1,0
BRDA:168,17,0,0
BRDA:168,17,1,0
BRDA:170,18,0,0
BRDA:170,18,1,0
BRDA:170,19,0,0
BRDA:170,19,1,0
BRDA:173,20,0,0
BRDA:173,20,1,0
BRDA:175,21,0,0
BRDA:175,21,1,0
BRDA:175,22,0,0
BRDA:175,22,1,0
BRDA:175,22,2,0
BRDA:175,22,3,0
BRDA:175,22,4,0
BRDA:181,23,0,0
BRDA:181,23,1,0
BRDA:182,24,0,0
BRDA:182,24,1,0
BRDA:184,25,0,0
BRDA:184,25,1,0
BRDA:187,26,0,0
BRDA:187,26,1,0
BRDA:190,27,0,0
BRDA:190,27,1,0
BRDA:190,28,0,0
BRDA:190,28,1,0
BRDA:190,28,2,0
BRDA:190,28,3,0
BRDA:197,29,0,0
BRDA:197,29,1,0
BRDA:197,30,0,0
BRDA:197,30,1,0
BRDA:217,31,0,7
BRDA:217,31,1,0
BRDA:218,32,0,7
BRDA:218,32,1,1
BRDA:221,33,0,0
BRDA:221,33,1,0
BRDA:221,34,0,0
BRDA:221,34,1,0
BRDA:221,34,2,0
BRDA:226,35,0,0
BRDA:226,35,1,0
BRDA:245,36,0,0
BRDA:245,36,1,0
BRDA:246,37,0,0
BRDA:246,37,1,0
BRDA:246,38,0,0
BRDA:246,38,1,0
BRDA:247,39,0,0
BRDA:247,39,1,0
BRDA:248,40,0,0
BRDA:248,40,1,0
BRDA:249,41,0,0
BRDA:249,41,1,0
BRDA:249,42,0,0
BRDA:249,42,1,0
BRDA:258,43,0,0
BRDA:258,43,1,0
BRDA:258,44,0,0
BRDA:258,44,1,0
BRDA:279,45,0,0
BRDA:279,45,1,0
BRDA:299,46,0,0
BRDA:299,46,1,71
BRDA:299,47,0,71
BRDA:299,47,1,71
BRDA:305,48,0,0
BRDA:305,48,1,71
BRDA:305,49,0,71
BRDA:305,49,1,71
BRDA:308,50,0,0
BRDA:308,50,1,0
BRDA:329,51,0,0
BRDA:329,51,1,0
BRDA:329,52,0,0
BRDA:329,52,1,0
BRDA:329,53,0,0
BRDA:329,53,1,0
BRDA:332,54,0,0
BRDA:332,54,1,0
BRDA:350,55,0,71
BRDA:350,55,1,0
BRDA:350,56,0,71
BRDA:350,56,1,71
BRDA:350,56,2,71
BRDA:352,57,0,71
BRDA:352,57,1,0
BRDA:353,58,0,71
BRDA:353,58,1,0
BRDA:353,59,0,71
BRDA:353,59,1,71
BRDA:359,60,0,10
BRDA:359,60,1,65
BRDA:359,61,0,75
BRDA:359,61,1,75
BRDA:359,61,2,75
BRDA:363,62,0,6
BRDA:363,62,1,59
BRDA:363,63,0,65
BRDA:363,63,1,65
BRDA:363,63,2,65
BRDA:366,64,0,0
BRDA:366,64,1,59
BRDA:366,65,0,59
BRDA:366,65,1,59
BRDA:368,66,0,59
BRDA:368,66,1,75
BRDA:368,67,0,59
BRDA:368,67,1,59
BRDA:370,68,0,75
BRDA:370,68,1,75
BRDA:371,69,0,75
BRDA:371,69,1,75
BRDA:374,70,0,28
BRDA:374,70,1,47
BRDA:374,71,0,75
BRDA:374,71,1,28
BRDA:385,72,0,0
BRDA:385,72,1,31
BRDA:385,73,0,31
BRDA:385,73,1,2
BRDA:385,73,2,2
BRDA:385,73,3,0
BRDA:396,74,0,0
BRDA:396,74,1,31
BRDA:396,75,0,31
BRDA:396,75,1,0
BRDA:427,76,0,6
BRDA:427,76,1,0
BRDA:430,77,0,0
BRDA:430,77,1,10
BRDA:441,78,0,0
BRDA:441,78,1,10
BRDA:443,79,0,0
BRDA:443,79,1,10
BRDA:452,80,0,0
BRDA:452,80,1,10
BRDA:471,81,0,0
BRDA:471,81,1,0
BRDA:480,82,0,0
BRDA:480,82,1,0
BRDA:480,83,0,0
BRDA:480,83,1,0
BRDA:520,84,0,0
BRDA:520,84,1,2
BRDA:520,85,0,0
BRDA:520,85,1,0
BRDA:534,86,0,0
BRDA:534,86,1,53
BRDA:534,87,0,0
BRDA:534,87,1,0
BRDA:538,88,0,0
BRDA:538,88,1,0
BRDA:557,89,0,0
BRDA:557,89,1,0
BRDA:557,90,0,0
BRDA:557,90,1,0
BRDA:648,91,0,7
BRDA:648,91,1,0
BRDA:650,92,0,0
BRDA:650,92,1,6
BRDA:650,93,0,6
BRDA:650,93,1,6
BRDA:672,94,0,0
BRDA:672,94,1,0
BRDA:672,95,0,0
BRDA:672,95,1,0
BRDA:779,96,0,0
BRDA:779,96,1,0
BRDA:780,97,0,0
BRDA:780,97,1,0
BRDA:788,98,0,0
BRDA:788,98,1,0
BRDA:788,99,0,0
BRDA:788,99,1,0
BRDA:788,99,2,0
BRDA:808,100,0,0
BRDA:808,100,1,2
BRDA:808,101,0,2
BRDA:808,101,1,2
BRDA:826,102,0,0
BRDA:826,102,1,0
BRDA:826,103,0,0
BRDA:826,103,1,0
BRDA:920,104,0,0
BRDA:920,104,1,0
BRDA:921,105,0,0
BRDA:921,105,1,0
BRDA:921,106,0,0
BRDA:921,106,1,0
BRF:228
BRH:70
end_of_record
TN:
SF:src/cli/index.js
FN:21,getVersion
FN:89,parseArgs
FN:166,shortToLong
FN:185,isCommand
FN:196,main
FNF:5
FNH:0
FNDA:0,getVersion
FNDA:0,parseArgs
FNDA:0,shortToLong
FNDA:0,isCommand
FNDA:0,main
DA:12,0
DA:22,0
DA:23,0
DA:24,0
DA:26,0
DA:32,0
DA:90,0
DA:95,0
DA:96,0
DA:97,0
DA:99,0
DA:101,0
DA:102,0
DA:105,0
DA:107,0
DA:108,0
DA:109,0
DA:110,0
DA:111,0
DA:112,0
DA:113,0
DA:115,0
DA:117,0
DA:119,0
DA:120,0
DA:121,0
DA:123,0
DA:124,0
DA:126,0
DA:127,0
DA:129,0
DA:132,0
DA:137,0
DA:139,0
DA:140,0
DA:142,0
DA:145,0
DA:149,0
DA:153,0
DA:154,0
DA:157,0
DA:167,0
DA:176,0
DA:186,0
DA:197,0
DA:200,0
DA:201,0
DA:202,0
DA:205,0
DA:206,0
DA:207,0
DA:211,0
DA:213,0
DA:215,0
DA:216,0
DA:217,0
DA:221,0
DA:222,0
DA:223,0
DA:227,0
DA:228,0
DA:229,0
DA:233,0
DA:234,0
DA:235,0
DA:239,0
DA:241,0
DA:242,0
DA:243,0
DA:245,0
DA:246,0
DA:252,0
LF:72
LH:0
BRDA:24,0,0,0
BRDA:24,0,1,0
BRDA:99,1,0,0
BRDA:99,1,1,0
BRDA:105,2,0,0
BRDA:105,2,1,0
BRDA:108,3,0,0
BRDA:108,3,1,0
BRDA:111,4,0,0
BRDA:111,4,1,0
BRDA:111,5,0,0
BRDA:111,5,1,0
BRDA:117,6,0,0
BRDA:117,6,1,0
BRDA:117,7,0,0
BRDA:117,7,1,0
BRDA:123,8,0,0
BRDA:123,8,1,0
BRDA:124,9,0,0
BRDA:124,9,1,0
BRDA:124,10,0,0
BRDA:124,10,1,0
BRDA:137,11,0,0
BRDA:137,11,1,0
BRDA:137,12,0,0
BRDA:137,12,1,0
BRDA:139,13,0,0
BRDA:139,13,1,0
BRDA:153,14,0,0
BRDA:153,14,1,0
BRDA:153,15,0,0
BRDA:153,15,1,0
BRDA:153,15,2,0
BRDA:176,16,0,0
BRDA:176,16,1,0
BRDA:200,17,0,0
BRDA:200,17,1,0
BRDA:200,18,0,0
BRDA:200,18,1,0
BRDA:205,19,0,0
BRDA:205,19,1,0
BRDA:205,20,0,0
BRDA:205,20,1,0
BRDA:213,21,0,0
BRDA:213,21,1,0
BRDA:213,21,2,0
BRDA:213,21,3,0
BRDA:213,21,4,0
BRDA:239,22,0,0
BRDA:239,22,1,0
BRF:50
BRH:0
end_of_record
TN:
SF:src/cli/utils.js
FN:37,findPjsFiles
FN:41,walk
FN:78,makeColors
FN:93,(anonymous_3)
FN:115,formatDiagnostic
FN:144,printDiagnostics
FN:165,resolveOutputPath
FN:189,ensureDirForFile
FN:202,formatSize
FN:214,formatElapsed
FNF:10
FNH:0
FNDA:0,findPjsFiles
FNDA:0,walk
FNDA:0,makeColors
FNDA:0,(anonymous_3)
FNDA:0,formatDiagnostic
FNDA:0,printDiagnostics
FNDA:0,resolveOutputPath
FNDA:0,ensureDirForFile
FNDA:0,formatSize
FNDA:0,formatElapsed
DA:13,0
DA:14,0
DA:38,0
DA:39,0
DA:43,0
DA:44,0
DA:46,0
DA:49,0
DA:50,0
DA:51,0
DA:52,0
DA:53,0
DA:55,0
DA:56,0
DA:61,0
DA:62,0
DA:79,0
DA:81,0
DA:82,0
DA:83,0
DA:84,0
DA:85,0
DA:86,0
DA:87,0
DA:88,0
DA:90,0
DA:93,0
DA:94,0
DA:116,0
DA:118,0
DA:119,0
DA:120,0
DA:121,0
DA:122,0
DA:123,0
DA:125,0
DA:126,0
DA:127,0
DA:129,0
DA:130,0
DA:133,0
DA:145,0
DA:146,0
DA:148,0
DA:149,0
DA:166,0
DA:167,0
DA:170,0
DA:171,0
DA:173,0
DA:175,0
DA:176,0
DA:180,0
DA:190,0
DA:191,0
DA:192,0
DA:203,0
DA:204,0
DA:205,0
DA:215,0
DA:216,0
DA:217,0
DA:218,0
DA:221,0
LF:64
LH:0
BRDA:38,0,0,0
BRDA:38,0,1,0
BRDA:51,1,0,0
BRDA:51,1,1,0
BRDA:52,2,0,0
BRDA:52,2,1,0
BRDA:55,3,0,0
BRDA:55,3,1,0
BRDA:55,4,0,0
BRDA:55,4,1,0
BRDA:79,5,0,0
BRDA:79,5,1,0
BRDA:81,6,0,0
BRDA:81,6,1,0
BRDA:81,7,0,0
BRDA:81,7,1,0
BRDA:83,8,0,0
BRDA:83,8,1,0
BRDA:83,9,0,0
BRDA:83,9,1,0
BRDA:85,10,0,0
BRDA:85,10,1,0
BRDA:87,11,0,0
BRDA:87,11,1,0
BRDA:93,12,0,0
BRDA:93,12,1,0
BRDA:118,13,0,0
BRDA:118,13,1,0
BRDA:119,14,0,0
BRDA:119,14,1,0
BRDA:120,15,0,0
BRDA:120,15,1,0
BRDA:121,16,0,0
BRDA:121,16,1,0
BRDA:122,17,0,0
BRDA:122,17,1,0
BRDA:123,18,0,0
BRDA:123,18,1,0
BRDA:126,19,0,0
BRDA:126,19,1,0
BRDA:129,20,0,0
BRDA:129,20,1,0
BRDA:145,21,0,0
BRDA:145,21,1,0
BRDA:145,22,0,0
BRDA:145,22,1,0
BRDA:166,23,0,0
BRDA:166,23,1,0
BRDA:173,24,0,0
BRDA:173,24,1,0
BRDA:175,25,0,0
BRDA:175,25,1,0
BRDA:191,26,0,0
BRDA:191,26,1,0
BRDA:203,27,0,0
BRDA:203,27,1,0
BRDA:204,28,0,0
BRDA:204,28,1,0
BRDA:217,29,0,0
BRDA:217,29,1,0
BRF:60
BRH:0
end_of_record
TN:
SF:src/cli/commands/build.js
FN:34,runBuild
FN:191,buildHtml
FN:219,buildPrerenderedHtml
FN:247,minifyJs
FN:269,copyStaticAssets
FN:274,walk
FN:314,rmDirRecursive
FN:337,escapeHtml
FNF:8
FNH:0
FNDA:0,runBuild
FNDA:0,buildHtml
FNDA:0,buildPrerenderedHtml
FNDA:0,minifyJs
FNDA:0,copyStaticAssets
FNDA:0,walk
FNDA:0,rmDirRecursive
FNDA:0,escapeHtml
DA:12,0
DA:13,0
DA:14,0
DA:22,0
DA:35,0
DA:36,0
DA:37,0
DA:38,0
DA:39,0
DA:40,0
DA:42,0
DA:43,0
DA:44,0
DA:47,0
DA:49,0
DA:51,0
DA:52,0
DA:53,0
DA:56,0
DA:57,0
DA:59,0
DA:62,0
DA:63,0
DA:64,0
DA:65,0
DA:68,0
DA:71,0
DA:72,0
DA:73,0
DA:74,0
DA:76,0
DA:77,0
DA:78,0
DA:79,0
DA:86,0
DA:88,0
DA:89,0
DA:91,0
DA:92,0
DA:95,0
DA:96,0
DA:99,0
DA:100,0
DA:103,0
DA:104,0
DA:107,0
DA:108,0
DA:109,0
DA:112,0
DA:113,0
DA:116,0
DA:117,0
DA:118,0
DA:120,0
DA:124,0
DA:125,0
DA:129,0
DA:130,0
DA:131,0
DA:134,0
DA:135,0
DA:136,0
DA:137,0
DA:138,0
DA:140,0
DA:141,0
DA:142,0
DA:146,0
DA:149,0
DA:150,0
DA:151,0
DA:152,0
DA:154,0
DA:160,0
DA:163,0
DA:168,0
DA:169,0
DA:172,0
DA:173,0
DA:177,0
DA:192,0
DA:193,0
DA:220,0
DA:221,0
DA:248,0
DA:270,0
DA:271,0
DA:272,0
DA:276,0
DA:277,0
DA:279,0
DA:282,0
DA:283,0
DA:285,0
DA:286,0
DA:288,0
DA:289,0
DA:290,0
DA:291,0
DA:292,0
DA:293,0
DA:294,0
DA:295,0
DA:296,0
DA:301,0
DA:302,0
DA:315,0
DA:316,0
DA:317,0
DA:318,0
DA:319,0
DA:320,0
DA:322,0
DA:325,0
DA:338,0
DA:345,0
LF:116
LH:0
BRDA:35,0,0,0
BRDA:35,0,1,0
BRDA:36,1,0,0
BRDA:36,1,1,0
BRDA:36,1,2,0
BRDA:37,2,0,0
BRDA:37,2,1,0
BRDA:38,3,0,0
BRDA:38,3,1,0
BRDA:42,4,0,0
BRDA:42,4,1,0
BRDA:56,5,0,0
BRDA:56,5,1,0
BRDA:63,6,0,0
BRDA:63,6,1,0
BRDA:88,7,0,0
BRDA:88,7,1,0
BRDA:88,8,0,0
BRDA:88,8,1,0
BRDA:91,9,0,0
BRDA:91,9,1,0
BRDA:91,10,0,0
BRDA:91,10,1,0
BRDA:95,11,0,0
BRDA:95,11,1,0
BRDA:103,12,0,0
BRDA:103,12,1,0
BRDA:134,13,0,0
BRDA:134,13,1,0
BRDA:177,14,0,0
BRDA:177,14,1,0
BRDA:283,15,0,0
BRDA:283,15,1,0
BRDA:288,16,0,0
BRDA:288,16,1,0
BRDA:289,17,0,0
BRDA:289,17,1,0
BRDA:292,18,0,0
BRDA:292,18,1,0
BRDA:294,19,0,0
BRDA:294,19,1,0
BRDA:315,20,0,0
BRDA:315,20,1,0
BRDA:319,21,0,0
BRDA:319,21,1,0
BRF:45
BRH:0
end_of_record
TN:
SF:src/cli/commands/compile.js
FN:33,runCompile
FN:80,(anonymous_1)
FN:81,(anonymous_2)
FN:82,(anonymous_3)
FN:122,compileFiles
FN:143,compileOne
FN:216,startWatch
FN:239,handleFileChange
FN:248,(anonymous_8)
FN:260,(anonymous_9)
FN:272,(anonymous_10)
FNF:11
FNH:0
FNDA:0,runCompile
FNDA:0,(anonymous_1)
FNDA:0,(anonymous_2)
FNDA:0,(anonymous_3)
FNDA:0,compileFiles
FNDA:0,compileOne
FNDA:0,startWatch
FNDA:0,handleFileChange
FNDA:0,(anonymous_8)
FNDA:0,(anonymous_9)
FNDA:0,(anonymous_10)
DA:14,0
DA:15,0
DA:16,0
DA:25,0
DA:34,0
DA:35,0
DA:36,0
DA:37,0
DA:38,0
DA:39,0
DA:40,0
DA:42,0
DA:43,0
DA:44,0
DA:45,0
DA:48,0
DA:49,0
DA:53,0
DA:54,0
DA:55,0
DA:56,0
DA:57,0
DA:58,0
DA:59,0
DA:62,0
DA:65,0
DA:66,0
DA:70,0
DA:80,0
DA:81,0
DA:82,0
DA:83,0
DA:85,0
DA:86,0
DA:87,0
DA:91,0
DA:98,0
DA:99,0
DA:109,0
DA:123,0
DA:125,0
DA:126,0
DA:127,0
DA:130,0
DA:144,0
DA:152,0
DA:156,0
DA:157,0
DA:164,0
DA:167,0
DA:168,0
DA:170,0
DA:171,0
DA:172,0
DA:176,0
DA:179,0
DA:182,0
DA:183,0
DA:185,0
DA:190,0
DA:191,0
DA:192,0
DA:197,0
DA:217,0
DA:219,0
DA:222,0
DA:223,0
DA:226,0
DA:227,0
DA:228,0
DA:233,0
DA:234,0
DA:237,0
DA:240,0
DA:243,0
DA:244,0
DA:246,0
DA:249,0
DA:250,0
DA:253,0
DA:258,0
DA:259,0
DA:260,0
DA:261,0
DA:262,0
DA:265,0
DA:267,0
DA:272,0
DA:273,0
DA:274,0
DA:275,0
DA:277,0
DA:281,0
DA:284,0
LF:94
LH:0
BRDA:35,0,0,0
BRDA:35,0,1,0
BRDA:36,1,0,0
BRDA:36,1,1,0
BRDA:36,1,2,0
BRDA:37,2,0,0
BRDA:37,2,1,0
BRDA:37,2,2,0
BRDA:38,3,0,0
BRDA:38,3,1,0
BRDA:38,3,2,0
BRDA:39,4,0,0
BRDA:39,4,1,0
BRDA:40,5,0,0
BRDA:40,5,1,0
BRDA:42,6,0,0
BRDA:42,6,1,0
BRDA:49,7,0,0
BRDA:49,7,1,0
BRDA:55,8,0,0
BRDA:55,8,1,0
BRDA:57,9,0,0
BRDA:57,9,1,0
BRDA:82,10,0,0
BRDA:82,10,1,0
BRDA:85,11,0,0
BRDA:85,11,1,0
BRDA:86,12,0,0
BRDA:86,12,1,0
BRDA:98,13,0,0
BRDA:98,13,1,0
BRDA:109,14,0,0
BRDA:109,14,1,0
BRDA:170,15,0,0
BRDA:170,15,1,0
BRDA:171,16,0,0
BRDA:171,16,1,0
BRDA:182,17,0,0
BRDA:182,17,1,0
BRDA:233,18,0,0
BRDA:233,18,1,0
BRDA:234,19,0,0
BRDA:234,19,1,0
BRDA:240,20,0,0
BRDA:240,20,1,0
BRDA:244,21,0,0
BRDA:244,21,1,0
BRDA:261,22,0,0
BRDA:261,22,1,0
BRDA:261,23,0,0
BRDA:261,23,1,0
BRF:51
BRH:0
end_of_record
TN:
SF:src/cli/commands/init.js
FN:157,runInit
FN:186,(anonymous_1)
FNF:2
FNH:0
FNDA:0,runInit
FNDA:0,(anonymous_1)
DA:14,0
DA:15,0
DA:16,0
DA:20,0
DA:158,0
DA:159,0
DA:160,0
DA:162,0
DA:165,0
DA:166,0
DA:169,0
DA:173,0
DA:176,0
DA:177,0
DA:178,0
DA:179,0
DA:183,0
DA:185,0
DA:186,0
DA:187,0
DA:188,0
DA:193,0
DA:194,0
DA:198,0
DA:199,0
DA:201,0
DA:202,0
DA:203,0
DA:205,0
DA:206,0
DA:209,0
DA:210,0
DA:211,0
DA:214,0
DA:215,0
DA:216,0
DA:220,0
DA:221,0
DA:222,0
DA:224,0
DA:225,0
DA:226,0
DA:229,0
DA:230,0
DA:232,0
DA:235,0
LF:46
LH:0
BRDA:158,0,0,0
BRDA:158,0,1,0
BRDA:159,1,0,0
BRDA:159,1,1,0
BRDA:159,1,2,0
BRDA:160,2,0,0
BRDA:160,2,1,0
BRDA:165,3,0,0
BRDA:165,3,1,0
BRDA:173,4,0,0
BRDA:173,4,1,0
BRDA:176,5,0,0
BRDA:176,5,1,0
BRDA:176,6,0,0
BRDA:176,6,1,0
BRDA:178,7,0,0
BRDA:178,7,1,0
BRDA:178,8,0,0
BRDA:178,8,1,0
BRDA:185,9,0,0
BRDA:185,9,1,0
BRDA:187,10,0,0
BRDA:187,10,1,0
BRDA:187,11,0,0
BRDA:187,11,1,0
BRDA:193,12,0,0
BRDA:193,12,1,0
BRDA:205,13,0,0
BRDA:205,13,1,0
BRDA:209,14,0,0
BRDA:209,14,1,0
BRDA:209,15,0,0
BRDA:209,15,1,0
BRDA:224,16,0,0
BRDA:224,16,1,0
BRF:35
BRH:0
end_of_record
TN:
SF:src/cli/commands/serve.js
FN:51,wrapInHtml
FN:80,runServe
FN:121,compilePjs
FN:148,(anonymous_3)
FN:169,handleRequest
FN:225,servePjs
FN:260,serveStatic
FN:294,serveDirectoryListing
FN:298,(anonymous_8)
FN:299,(anonymous_9)
FN:325,(anonymous_10)
FN:352,(anonymous_11)
FN:353,(anonymous_12)
FN:358,broadcastReload
FN:373,(anonymous_14)
FN:399,(anonymous_15)
FN:427,(anonymous_16)
FN:453,escapeHtml
FNF:18
FNH:0
FNDA:0,wrapInHtml
FNDA:0,runServe
FNDA:0,compilePjs
FNDA:0,(anonymous_3)
FNDA:0,handleRequest
FNDA:0,servePjs
FNDA:0,serveStatic
FNDA:0,serveDirectoryListing
FNDA:0,(anonymous_8)
FNDA:0,(anonymous_9)
FNDA:0,(anonymous_10)
FNDA:0,(anonymous_11)
FNDA:0,(anonymous_12)
FNDA:0,broadcastReload
FNDA:0,(anonymous_14)
FNDA:0,(anonymous_15)
FNDA:0,(anonymous_16)
FNDA:0,escapeHtml
DA:12,0
DA:13,0
DA:14,0
DA:15,0
DA:22,0
DA:25,0
DA:52,0
DA:53,0
DA:55,0
DA:81,0
DA:82,0
DA:83,0
DA:84,0
DA:87,0
DA:88,0
DA:89,0
DA:92,0
DA:95,0
DA:98,0
DA:101,0
DA:122,0
DA:123,0
DA:124,0
DA:131,0
DA:133,0
DA:134,0
DA:136,0
DA:137,0
DA:140,0
DA:142,0
DA:149,0
DA:155,0
DA:158,0
DA:159,0
DA:163,0
DA:170,0
DA:173,0
DA:179,0
DA:184,0
DA:186,0
DA:187,0
DA:188,0
DA:189,0
DA:190,0
DA:191,0
DA:192,0
DA:195,0
DA:197,0
DA:198,0
DA:201,0
DA:205,0
DA:206,0
DA:207,0
DA:208,0
DA:209,0
DA:213,0
DA:214,0
DA:215,0
DA:219,0
DA:226,0
DA:227,0
DA:228,0
DA:231,0
DA:232,0
DA:233,0
DA:234,0
DA:237,0
DA:240,0
DA:247,0
DA:250,0
DA:252,0
DA:253,0
DA:261,0
DA:262,0
DA:263,0
DA:265,0
DA:266,0
DA:267,0
DA:268,0
DA:270,0
DA:271,0
DA:272,0
DA:273,0
DA:275,0
DA:276,0
DA:279,0
DA:280,0
DA:282,0
DA:283,0
DA:284,0
DA:286,0
DA:287,0
DA:295,0
DA:296,0
DA:297,0
DA:298,0
DA:300,0
DA:301,0
DA:302,0
DA:303,0
DA:307,0
DA:313,0
DA:314,0
DA:316,0
DA:317,0
DA:322,0
DA:325,0
DA:326,0
DA:327,0
DA:329,0
DA:330,0
DA:331,0
DA:332,0
DA:335,0
DA:336,0
DA:341,0
DA:351,0
DA:352,0
DA:353,0
DA:359,0
DA:360,0
DA:361,0
DA:362,0
DA:370,0
DA:371,0
DA:372,0
DA:373,0
DA:374,0
DA:375,0
DA:376,0
DA:378,0
DA:379,0
DA:382,0
DA:385,0
DA:386,0
DA:387,0
DA:390,0
DA:394,0
DA:399,0
DA:400,0
DA:401,0
DA:402,0
DA:403,0
DA:404,0
DA:406,0
DA:409,0
DA:410,0
DA:411,0
DA:412,0
DA:413,0
DA:414,0
DA:415,0
DA:422,0
DA:427,0
DA:428,0
DA:429,0
DA:430,0
DA:431,0
DA:432,0
DA:437,0
DA:438,0
DA:441,0
DA:454,0
DA:461,0
LF:164
LH:0
BRDA:53,0,0,0
BRDA:53,0,1,0
BRDA:81,1,0,0
BRDA:81,1,1,0
BRDA:82,2,0,0
BRDA:82,2,1,0
BRDA:82,2,2,0
BRDA:83,3,0,0
BRDA:83,3,1,0
BRDA:87,4,0,0
BRDA:87,4,1,0
BRDA:133,5,0,0
BRDA:133,5,1,0
BRDA:133,6,0,0
BRDA:133,6,1,0
BRDA:136,7,0,0
BRDA:136,7,1,0
BRDA:136,8,0,0
BRDA:136,8,1,0
BRDA:140,9,0,0
BRDA:140,9,1,0
BRDA:149,10,0,0
BRDA:149,10,1,0
BRDA:150,11,0,0
BRDA:150,11,1,0
BRDA:173,12,0,0
BRDA:173,12,1,0
BRDA:174,13,0,0
BRDA:174,13,1,0
BRDA:174,13,2,0
BRDA:184,14,0,0
BRDA:184,14,1,0
BRDA:190,15,0,0
BRDA:190,15,1,0
BRDA:195,16,0,0
BRDA:195,16,1,0
BRDA:206,17,0,0
BRDA:206,17,1,0
BRDA:213,18,0,0
BRDA:213,18,1,0
BRDA:231,19,0,0
BRDA:231,19,1,0
BRDA:231,20,0,0
BRDA:231,20,1,0
BRDA:231,20,2,0
BRDA:247,21,0,0
BRDA:247,21,1,0
BRDA:263,22,0,0
BRDA:263,22,1,0
BRDA:266,23,0,0
BRDA:266,23,1,0
BRDA:271,24,0,0
BRDA:271,24,1,0
BRDA:280,25,0,0
BRDA:280,25,1,0
BRDA:298,26,0,0
BRDA:298,26,1,0
BRDA:301,27,0,0
BRDA:301,27,1,0
BRDA:301,28,0,0
BRDA:301,28,1,0
BRDA:302,29,0,0
BRDA:302,29,1,0
BRDA:308,30,0,0
BRDA:308,30,1,0
BRDA:311,31,0,0
BRDA:311,31,1,0
BRDA:327,32,0,0
BRDA:327,32,1,0
BRDA:330,33,0,0
BRDA:330,33,1,0
BRDA:371,34,0,0
BRDA:371,34,1,0
BRDA:374,35,0,0
BRDA:374,35,1,0
BRDA:375,36,0,0
BRDA:375,36,1,0
BRDA:375,37,0,0
BRDA:375,37,1,0
BRDA:375,37,2,0
BRDA:385,38,0,0
BRDA:385,38,1,0
BRDA:385,39,0,0
BRDA:385,39,1,0
BRDA:403,40,0,0
BRDA:403,40,1,0
BRDA:410,41,0,0
BRDA:410,41,1,0
BRDA:429,42,0,0
BRDA:429,42,1,0
BRF:90
BRH:0
end_of_record
TN:
SF:src/compiler/promptjs-compiler.js
FN:32,PromptJSCompiler
FN:70,(anonymous_1)
FN:116,(anonymous_2)
FN:127,(anonymous_3)
FN:144,(anonymous_4)
FN:184,(anonymous_5)
FN:195,(anonymous_6)
FN:205,(anonymous_7)
FNF:8
FNH:6
FNDA:70,PromptJSCompiler
FNDA:70,(anonymous_1)
FNDA:1215,(anonymous_2)
FNDA:175,(anonymous_3)
FNDA:0,(anonymous_4)
FNDA:70,(anonymous_5)
FNDA:0,(anonymous_6)
FNDA:97,(anonymous_7)
DA:13,4
DA:14,4
DA:15,4
DA:16,4
DA:17,4
DA:33,70
DA:34,70
DA:35,70
DA:36,70
DA:37,70
DA:38,70
DA:49,4
DA:50,4
DA:54,4
DA:70,4
DA:71,70
DA:72,70
DA:73,70
DA:75,70
DA:76,70
DA:77,70
DA:79,70
DA:81,70
DA:82,70
DA:83,70
DA:87,70
DA:88,70
DA:89,131
DA:90,131
DA:91,131
DA:93,131
DA:95,131
DA:96,0
DA:101,70
DA:102,70
DA:104,70
DA:116,4
DA:117,1215
DA:127,4
DA:128,175
DA:144,4
DA:145,0
DA:147,0
DA:149,0
DA:153,0
DA:155,0
DA:157,0
DA:158,0
DA:159,0
DA:160,0
DA:161,0
DA:163,0
DA:165,0
DA:166,0
DA:168,0
DA:169,0
DA:170,0
DA:172,0
DA:175,0
DA:184,4
DA:185,70
DA:195,4
DA:196,0
DA:205,4
DA:206,97
DA:210,4
DA:212,4
LF:67
LH:47
BRDA:76,0,0,70
BRDA:76,0,1,0
BRDA:87,1,0,70
BRDA:87,1,1,0
BRDA:87,2,0,70
BRDA:87,2,1,70
BRDA:90,3,0,131
BRDA:90,3,1,0
BRDA:90,4,0,131
BRDA:90,4,1,131
BRDA:90,4,2,131
BRDA:95,5,0,0
BRDA:95,5,1,131
BRDA:95,6,0,131
BRDA:95,6,1,0
BRDA:127,7,0,175
BRDA:145,8,0,0
BRDA:145,8,1,0
BRDA:147,9,0,0
BRDA:147,9,1,0
BRDA:149,10,0,0
BRDA:149,10,1,0
BRDA:150,11,0,0
BRDA:150,11,1,0
BRDA:150,11,2,0
BRDA:157,12,0,0
BRDA:157,12,1,0
BRDA:158,13,0,0
BRDA:158,13,1,0
BRDA:159,14,0,0
BRDA:159,14,1,0
BRDA:160,15,0,0
BRDA:160,15,1,0
BRDA:160,16,0,0
BRDA:160,16,1,0
BRDA:165,17,0,0
BRDA:165,17,1,0
BRDA:168,18,0,0
BRDA:168,18,1,0
BRDA:169,19,0,0
BRDA:169,19,1,0
BRDA:169,20,0,0
BRDA:169,20,1,0
BRDA:175,21,0,0
BRDA:175,21,1,0
BRF:45
BRH:11
end_of_record
TN:
SF:src/compiler/emitters/runtime.js
FN:176,emitRuntimeHelpers
FNF:1
FNH:1
FNDA:70,emitRuntimeHelpers
DA:33,4
DA:177,70
DA:178,70
DA:179,70
DA:182,4
LF:5
LH:5
BRF:0
BRH:0
end_of_record
TN:
SF:src/compiler/emitters/statements.js
FN:28,install
FN:40,(anonymous_1)
FN:52,(anonymous_2)
FN:80,(anonymous_3)
FN:92,(anonymous_4)
FN:104,(anonymous_5)
FN:115,(anonymous_6)
FN:145,(anonymous_7)
FN:146,(anonymous_8)
FN:165,(anonymous_9)
FN:271,(anonymous_10)
FN:279,(anonymous_11)
FN:322,(anonymous_12)
FN:339,(anonymous_13)
FN:374,(anonymous_14)
FN:386,(anonymous_15)
FN:400,(anonymous_16)
FN:422,(anonymous_17)
FN:434,(anonymous_18)
FN:475,(anonymous_19)
FN:561,(anonymous_20)
FN:576,(anonymous_21)
FN:615,(anonymous_22)
FN:655,(anonymous_23)
FN:677,(anonymous_24)
FN:714,(anonymous_25)
FN:730,(anonymous_26)
FN:741,(anonymous_27)
FN:759,(anonymous_28)
FN:780,(anonymous_29)
FN:796,(anonymous_30)
FN:815,(anonymous_31)
FN:834,(anonymous_32)
FN:854,(anonymous_33)
FN:875,(anonymous_34)
FN:905,(anonymous_35)
FN:912,(anonymous_36)
FN:924,(anonymous_37)
FN:973,(anonymous_38)
FN:980,(anonymous_39)
FN:1012,(anonymous_40)
FN:1025,(anonymous_41)
FN:1036,(anonymous_42)
FN:1051,(anonymous_43)
FN:1062,(anonymous_44)
FN:1063,(anonymous_45)
FN:1084,(anonymous_46)
FN:1086,(anonymous_47)
FN:1105,(anonymous_48)
FN:1115,(anonymous_49)
FN:1134,(anonymous_50)
FN:1149,(anonymous_51)
FN:1160,(anonymous_52)
FN:1171,(anonymous_53)
FN:1182,(anonymous_54)
FN:1193,(anonymous_55)
FN:1204,(anonymous_56)
FN:1215,(anonymous_57)
FN:1219,(anonymous_58)
FNF:59
FNH:14
FNDA:4,install
FNDA:2,(anonymous_1)
FNDA:53,(anonymous_2)
FNDA:0,(anonymous_3)
FNDA:0,(anonymous_4)
FNDA:6,(anonymous_5)
FNDA:10,(anonymous_6)
FNDA:0,(anonymous_7)
FNDA:0,(anonymous_8)
FNDA:104,(anonymous_9)
FNDA:0,(anonymous_10)
FNDA:0,(anonymous_11)
FNDA:65,(anonymous_12)
FNDA:0,(anonymous_13)
FNDA:0,(anonymous_14)
FNDA:0,(anonymous_15)
FNDA:0,(anonymous_16)
FNDA:0,(anonymous_17)
FNDA:0,(anonymous_18)
FNDA:3,(anonymous_19)
FNDA:0,(anonymous_20)
FNDA:0,(anonymous_21)
FNDA:0,(anonymous_22)
FNDA:14,(anonymous_23)
FNDA:9,(anonymous_24)
FNDA:0,(anonymous_25)
FNDA:0,(anonymous_26)
FNDA:2,(anonymous_27)
FNDA:0,(anonymous_28)
FNDA:0,(anonymous_29)
FNDA:0,(anonymous_30)
FNDA:0,(anonymous_31)
FNDA:0,(anonymous_32)
FNDA:0,(anonymous_33)
FNDA:0,(anonymous_34)
FNDA:0,(anonymous_35)
FNDA:0,(anonymous_36)
FNDA:0,(anonymous_37)
FNDA:6,(anonymous_38)
FNDA:10,(anonymous_39)
FNDA:0,(anonymous_40)
FNDA:0,(anonymous_41)
FNDA:0,(anonymous_42)
FNDA:0,(anonymous_43)
FNDA:0,(anonymous_44)
FNDA:0,(anonymous_45)
FNDA:0,(anonymous_46)
FNDA:0,(anonymous_47)
FNDA:0,(anonymous_48)
FNDA:0,(anonymous_49)
FNDA:0,(anonymous_50)
FNDA:1,(anonymous_51)
FNDA:0,(anonymous_52)
FNDA:0,(anonymous_53)
FNDA:0,(anonymous_54)
FNDA:0,(anonymous_55)
FNDA:0,(anonymous_56)
FNDA:0,(anonymous_57)
FNDA:0,(anonymous_58)
DA:40,4
DA:41,2
DA:42,2
DA:52,4
DA:54,53
DA:55,5
DA:56,5
DA:57,5
DA:58,0
DA:61,0
DA:65,0
DA:67,5
DA:69,48
DA:70,48
DA:80,4
DA:81,0
DA:82,0
DA:92,4
DA:93,0
DA:94,0
DA:104,4
DA:108,6
DA:110,6
DA:111,6
DA:112,6
DA:113,6
DA:114,6
DA:115,6
DA:116,10
DA:119,6
DA:122,6
DA:123,6
DA:126,6
DA:128,6
DA:130,6
DA:131,6
DA:132,6
DA:135,6
DA:145,4
DA:146,0
DA:147,0
DA:148,0
DA:149,0
DA:150,0
DA:151,0
DA:165,4
DA:166,104
DA:167,104
DA:170,104
DA:245,104
DA:249,104
DA:250,10
DA:251,10
DA:252,10
DA:257,94
DA:258,104
DA:260,104
DA:262,104
DA:263,6
DA:265,94
DA:266,15
DA:270,94
DA:271,0
DA:272,0
DA:273,0
DA:278,94
DA:279,0
DA:280,0
DA:281,0
DA:282,0
DA:283,0
DA:284,0
DA:290,94
DA:291,10
DA:292,10
DA:296,94
DA:297,94
DA:299,94
DA:300,94
DA:302,94
DA:304,94
DA:305,70
DA:307,24
DA:311,94
DA:322,4
DA:323,65
DA:324,65
DA:325,65
DA:326,0
DA:328,65
DA:339,4
DA:341,0
DA:342,0
DA:343,0
DA:344,0
DA:345,0
DA:346,0
DA:347,0
DA:348,0
DA:352,0
DA:356,0
DA:357,0
DA:359,0
DA:360,0
DA:363,0
DA:374,4
DA:375,0
DA:376,0
DA:386,4
DA:387,0
DA:388,0
DA:400,4
DA:401,0
DA:402,0
DA:403,0
DA:405,0
DA:408,0
DA:411,0
DA:422,4
DA:423,0
DA:424,0
DA:434,4
DA:435,0
DA:436,0
DA:438,0
DA:456,0
DA:457,0
DA:458,0
DA:460,0
DA:475,4
DA:476,3
DA:507,3
DA:508,3
DA:510,3
DA:511,3
DA:512,3
DA:513,0
DA:514,0
DA:515,0
DA:517,0
DA:519,0
DA:520,0
DA:521,0
DA:522,0
DA:527,3
DA:528,0
DA:529,0
DA:530,3
DA:531,0
DA:533,3
DA:536,3
DA:537,3
DA:539,3
DA:540,3
DA:544,3
DA:545,3
DA:546,3
DA:550,3
DA:551,3
DA:561,4
DA:562,0
DA:563,0
DA:564,0
DA:565,0
DA:566,0
DA:576,4
DA:579,0
DA:580,0
DA:582,0
DA:583,0
DA:584,0
DA:585,0
DA:586,0
DA:587,0
DA:588,0
DA:589,0
DA:590,0
DA:591,0
DA:592,0
DA:593,0
DA:594,0
DA:595,0
DA:597,0
DA:598,0
DA:599,0
DA:600,0
DA:601,0
DA:604,0
DA:615,4
DA:618,0
DA:623,0
DA:624,0
DA:628,0
DA:629,0
DA:630,0
DA:631,0
DA:632,0
DA:633,0
DA:634,0
DA:635,0
DA:636,0
DA:637,0
DA:638,0
DA:639,0
DA:640,0
DA:655,4
DA:656,14
DA:657,14
DA:658,14
DA:659,14
DA:660,14
DA:661,14
DA:662,1
DA:663,1
DA:664,1
DA:665,1
DA:667,14
DA:677,4
DA:678,9
DA:680,9
DA:682,5
DA:683,5
DA:684,5
DA:685,5
DA:686,5
DA:687,4
DA:689,0
DA:690,0
DA:693,0
DA:694,0
DA:695,0
DA:696,0
DA:699,4
DA:700,4
DA:701,4
DA:702,4
DA:703,4
DA:714,4
DA:715,0
DA:716,0
DA:717,0
DA:718,0
DA:719,0
DA:720,0
DA:730,4
DA:731,0
DA:741,4
DA:745,2
DA:747,0
DA:749,0
DA:759,4
DA:760,0
DA:761,0
DA:762,0
DA:764,0
DA:780,4
DA:781,0
DA:782,0
DA:786,4
DA:796,4
DA:797,0
DA:798,0
DA:799,0
DA:801,0
DA:804,0
DA:815,4
DA:816,0
DA:817,0
DA:818,0
DA:820,0
DA:823,0
DA:834,4
DA:835,0
DA:837,0
DA:838,0
DA:840,0
DA:843,0
DA:854,4
DA:855,0
DA:856,0
DA:857,0
DA:861,0
DA:864,0
DA:875,4
DA:877,0
DA:878,0
DA:880,0
DA:889,0
DA:890,0
DA:891,0
DA:893,0
DA:894,0
DA:905,4
DA:907,0
DA:910,0
DA:911,0
DA:912,0
DA:913,0
DA:914,0
DA:916,0
DA:919,0
DA:920,0
DA:923,0
DA:924,0
DA:925,0
DA:926,0
DA:927,0
DA:928,0
DA:929,0
DA:930,0
DA:931,0
DA:932,0
DA:933,0
DA:934,0
DA:935,0
DA:936,0
DA:937,0
DA:938,0
DA:939,0
DA:940,0
DA:941,0
DA:942,0
DA:943,0
DA:944,0
DA:945,0
DA:946,0
DA:947,0
DA:948,0
DA:949,0
DA:954,0
DA:955,0
DA:958,0
DA:959,4
DA:973,4
DA:975,6
DA:978,6
DA:979,6
DA:980,6
DA:981,10
DA:982,10
DA:984,6
DA:987,6
DA:988,6
DA:991,6
DA:992,0
DA:993,0
DA:994,6
DA:995,6
DA:997,0
DA:1012,4
DA:1014,0
DA:1015,0
DA:1025,4
DA:1026,0
DA:1036,4
DA:1037,0
DA:1051,4
DA:1052,0
DA:1062,4
DA:1063,0
DA:1066,0
DA:1067,0
DA:1069,0
DA:1071,0
DA:1073,0
DA:1084,4
DA:1086,0
DA:1087,0
DA:1091,0
DA:1092,0
DA:1094,0
DA:1105,4
DA:1111,0
DA:1114,0
DA:1115,0
DA:1116,0
DA:1134,4
DA:1135,0
DA:1136,0
DA:1137,0
DA:1139,4
DA:1149,4
DA:1150,1
DA:1160,4
DA:1161,0
DA:1171,4
DA:1172,0
DA:1182,4
DA:1183,0
DA:1193,4
DA:1194,0
DA:1204,4
DA:1205,0
DA:1215,4
DA:1216,0
DA:1219,4
DA:1220,0
DA:1221,0
DA:1222,0
DA:1224,4
DA:1228,4
LF:401
LH:168
BRDA:54,0,0,5
BRDA:54,0,1,48
BRDA:54,1,0,53
BRDA:54,1,1,5
BRDA:56,2,0,5
BRDA:56,2,1,0
BRDA:56,3,0,5
BRDA:56,3,1,5
BRDA:56,3,2,5
BRDA:58,4,0,0
BRDA:58,4,1,0
BRDA:62,5,0,0
BRDA:62,5,1,0
BRDA:65,6,0,0
BRDA:65,6,1,0
BRDA:114,7,0,6
BRDA:114,7,1,0
BRDA:114,8,0,6
BRDA:114,8,1,6
BRDA:126,9,0,6
BRDA:126,9,1,0
BRDA:245,10,0,104
BRDA:245,10,1,1
BRDA:249,11,0,10
BRDA:249,11,1,94
BRDA:250,12,0,10
BRDA:250,12,1,0
BRDA:251,13,0,0
BRDA:251,13,1,10
BRDA:257,14,0,94
BRDA:257,14,1,76
BRDA:262,15,0,6
BRDA:262,15,1,98
BRDA:265,16,0,15
BRDA:265,16,1,79
BRDA:265,17,0,94
BRDA:265,17,1,94
BRDA:270,18,0,0
BRDA:270,18,1,94
BRDA:270,19,0,94
BRDA:270,19,1,94
BRDA:272,20,0,0
BRDA:272,20,1,0
BRDA:278,21,0,0
BRDA:278,21,1,94
BRDA:281,22,0,0
BRDA:281,22,1,0
BRDA:282,23,0,0
BRDA:282,23,1,0
BRDA:283,24,0,0
BRDA:283,24,1,0
BRDA:290,25,0,10
BRDA:290,25,1,84
BRDA:290,26,0,94
BRDA:290,26,1,10
BRDA:299,27,0,84
BRDA:299,27,1,10
BRDA:300,28,0,0
BRDA:300,28,1,94
BRDA:304,29,0,70
BRDA:304,29,1,24
BRDA:325,30,0,0
BRDA:325,30,1,65
BRDA:341,31,0,0
BRDA:341,31,1,0
BRDA:343,32,0,0
BRDA:343,32,1,0
BRDA:345,33,0,0
BRDA:345,33,1,0
BRDA:347,34,0,0
BRDA:347,34,1,0
BRDA:357,35,0,0
BRDA:357,35,1,0
BRDA:359,36,0,0
BRDA:359,36,1,0
BRDA:405,37,0,0
BRDA:405,37,1,0
BRDA:457,38,0,0
BRDA:457,38,1,0
BRDA:507,39,0,3
BRDA:507,39,1,3
BRDA:510,40,0,3
BRDA:510,40,1,0
BRDA:511,41,0,3
BRDA:511,41,1,0
BRDA:512,42,0,3
BRDA:512,42,1,3
BRDA:513,43,0,0
BRDA:513,43,1,0
BRDA:514,44,0,0
BRDA:514,44,1,0
BRDA:519,45,0,0
BRDA:519,45,1,0
BRDA:521,46,0,0
BRDA:521,46,1,0
BRDA:527,47,0,0
BRDA:527,47,1,3
BRDA:527,48,0,3
BRDA:527,48,1,3
BRDA:528,49,0,0
BRDA:528,49,1,0
BRDA:530,50,0,0
BRDA:530,50,1,3
BRDA:537,51,0,0
BRDA:537,51,1,3
BRDA:539,52,0,0
BRDA:539,52,1,3
BRDA:540,53,0,3
BRDA:540,53,1,0
BRDA:545,54,0,3
BRDA:545,54,1,0
BRDA:545,55,0,3
BRDA:545,55,1,3
BRDA:580,56,0,0
BRDA:580,56,1,0
BRDA:595,57,0,0
BRDA:595,57,1,0
BRDA:623,58,0,0
BRDA:623,58,1,0
BRDA:624,59,0,0
BRDA:624,59,1,0
BRDA:629,60,0,0
BRDA:629,60,1,0
BRDA:635,61,0,0
BRDA:635,61,1,0
BRDA:661,62,0,1
BRDA:661,62,1,13
BRDA:680,63,0,5
BRDA:680,63,1,4
BRDA:687,64,0,0
BRDA:687,64,1,4
BRDA:689,65,0,0
BRDA:689,65,1,0
BRDA:745,66,0,2
BRDA:745,66,1,0
BRDA:760,67,0,0
BRDA:760,67,1,0
BRDA:781,68,0,0
BRDA:781,68,1,0
BRDA:799,69,0,0
BRDA:799,69,1,0
BRDA:818,70,0,0
BRDA:818,70,1,0
BRDA:837,71,0,0
BRDA:837,71,1,0
BRDA:838,72,0,0
BRDA:838,72,1,0
BRDA:857,73,0,0
BRDA:857,73,1,0
BRDA:889,74,0,0
BRDA:889,74,1,0
BRDA:890,75,0,0
BRDA:890,75,1,0
BRDA:893,76,0,0
BRDA:893,76,1,0
BRDA:911,77,0,0
BRDA:911,77,1,0
BRDA:911,78,0,0
BRDA:911,78,1,0
BRDA:923,79,0,0
BRDA:923,79,1,0
BRDA:923,80,0,0
BRDA:923,80,1,0
BRDA:925,81,0,0
BRDA:925,81,1,0
BRDA:934,82,0,0
BRDA:934,82,1,0
BRDA:937,83,0,0
BRDA:937,83,1,0
BRDA:941,84,0,0
BRDA:941,84,1,0
BRDA:944,85,0,0
BRDA:944,85,1,0
BRDA:947,86,0,0
BRDA:947,86,1,0
BRDA:979,87,0,6
BRDA:979,87,1,0
BRDA:979,88,0,6
BRDA:979,88,1,6
BRDA:991,89,0,0
BRDA:991,89,1,6
BRDA:994,90,0,6
BRDA:994,90,1,0
BRDA:1069,91,0,0
BRDA:1069,91,1,0
BRDA:1086,92,0,0
BRDA:1086,92,1,0
BRDA:1086,92,2,0
BRDA:1091,93,0,0
BRDA:1091,93,1,0
BRDA:1111,94,0,0
BRDA:1111,94,1,0
BRDA:1114,95,0,0
BRDA:1114,95,1,0
BRDA:1114,96,0,0
BRDA:1114,96,1,0
BRDA:1136,97,0,0
BRDA:1136,97,1,0
BRDA:1221,98,0,0
BRDA:1221,98,1,0
BRF:200
BRH:67
end_of_record
TN:
SF:src/compiler/lower/expression.js
FN:58,lowerExpression
FN:122,(anonymous_1)
FN:131,(anonymous_2)
FN:169,lowerCallExpression
FN:181,(anonymous_4)
FN:206,lowerBuiltinCall
FN:208,(anonymous_6)
FN:282,lowerMethodCall
FN:283,(anonymous_8)
FN:314,isObjectReactive
FNF:10
FNH:8
FNDA:205,lowerExpression
FNDA:12,(anonymous_1)
FNDA:9,(anonymous_2)
FNDA:3,lowerCallExpression
FNDA:2,(anonymous_4)
FNDA:0,lowerBuiltinCall
FNDA:0,(anonymous_6)
FNDA:1,lowerMethodCall
FNDA:1,(anonymous_8)
FNDA:1,isObjectReactive
DA:25,4
DA:59,205
DA:61,205
DA:63,108
DA:65,45
DA:66,3
DA:69,42
DA:70,0
DA:72,42
DA:73,0
DA:75,42
DA:77,31
DA:93,31
DA:94,31
DA:97,0
DA:101,0
DA:102,0
DA:103,0
DA:105,0
DA:108,6
DA:109,6
DA:110,6
DA:111,6
DA:114,1
DA:115,1
DA:116,1
DA:119,3
DA:121,7
DA:122,6
DA:123,12
DA:124,12
DA:126,6
DA:128,1
DA:130,4
DA:131,9
DA:132,4
DA:134,0
DA:136,0
DA:138,0
DA:140,0
DA:142,0
DA:145,0
DA:147,0
DA:150,0
DA:151,0
DA:171,3
DA:172,0
DA:176,3
DA:177,1
DA:181,2
DA:182,2
DA:183,2
DA:207,0
DA:208,0
DA:211,0
DA:212,0
DA:216,0
DA:217,0
DA:220,0
DA:224,0
DA:228,0
DA:229,0
DA:233,0
DA:237,0
DA:241,0
DA:245,0
DA:249,0
DA:253,0
DA:257,0
DA:263,0
DA:283,1
DA:284,1
DA:285,1
DA:288,1
DA:289,1
DA:291,1
DA:297,0
DA:298,0
DA:302,1
DA:315,1
DA:318,1
DA:319,1
DA:324,0
DA:325,0
DA:329,0
DA:332,4
LF:86
LH:46
BRDA:59,0,0,0
BRDA:59,0,1,205
BRDA:61,1,0,108
BRDA:61,1,1,45
BRDA:61,1,2,31
BRDA:61,1,3,0
BRDA:61,1,4,6
BRDA:61,1,5,1
BRDA:61,1,6,3
BRDA:61,1,7,7
BRDA:61,1,8,4
BRDA:61,1,9,0
BRDA:61,1,10,0
BRDA:61,1,11,0
BRDA:61,1,12,0
BRDA:61,1,13,0
BRDA:61,1,14,0
BRDA:61,1,15,0
BRDA:61,1,16,0
BRDA:65,2,0,3
BRDA:65,2,1,42
BRDA:65,3,0,45
BRDA:65,3,1,45
BRDA:65,3,2,42
BRDA:69,4,0,0
BRDA:69,4,1,42
BRDA:69,5,0,42
BRDA:69,5,1,42
BRDA:72,6,0,0
BRDA:72,6,1,42
BRDA:93,7,0,31
BRDA:93,7,1,31
BRDA:101,8,0,0
BRDA:101,8,1,0
BRDA:102,9,0,0
BRDA:102,9,1,0
BRDA:121,10,0,6
BRDA:121,10,1,1
BRDA:121,11,0,7
BRDA:121,11,1,7
BRDA:130,12,0,4
BRDA:130,12,1,0
BRDA:130,13,0,4
BRDA:130,13,1,4
BRDA:171,14,0,0
BRDA:171,14,1,3
BRDA:171,15,0,3
BRDA:171,15,1,0
BRDA:176,16,0,1
BRDA:176,16,1,2
BRDA:176,17,0,3
BRDA:176,17,1,3
BRDA:211,18,0,0
BRDA:211,18,1,0
BRDA:211,19,0,0
BRDA:211,19,1,0
BRDA:216,20,0,0
BRDA:216,20,1,0
BRDA:217,21,0,0
BRDA:217,21,1,0
BRDA:217,21,2,0
BRDA:217,21,3,0
BRDA:217,21,4,0
BRDA:217,21,5,0
BRDA:217,21,6,0
BRDA:217,21,7,0
BRDA:217,21,8,0
BRDA:217,21,9,0
BRDA:228,22,0,0
BRDA:228,22,1,0
BRDA:241,23,0,0
BRDA:241,23,1,0
BRDA:291,24,0,0
BRDA:291,24,1,1
BRDA:291,25,0,1
BRDA:291,25,1,0
BRDA:315,26,0,0
BRDA:315,26,1,1
BRDA:318,27,0,1
BRDA:318,27,1,0
BRDA:318,28,0,1
BRDA:318,28,1,1
BRDA:319,29,0,1
BRDA:319,29,1,1
BRDA:324,30,0,0
BRDA:324,30,1,0
BRF:86
BRH:41
end_of_record
TN:
SF:src/compiler/utils/codegen.js
FN:31,emit
FN:46,genVar
FN:61,escapeString
FNF:3
FNH:2
FNDA:1215,emit
FNDA:175,genVar
FNDA:0,escapeString
DA:32,1215
DA:33,1215
DA:47,175
DA:48,175
DA:49,175
DA:62,0
DA:65,4
LF:7
LH:6
BRDA:32,0,0,1215
BRDA:32,0,1,560
BRDA:47,1,0,175
BRDA:47,1,1,0
BRDA:48,2,0,175
BRDA:48,2,1,70
BRF:6
BRH:5
end_of_record
TN:
SF:src/engine/promptjs.js
FN:46,PromptJSEngine
FN:68,(anonymous_1)
FN:152,(anonymous_2)
FN:182,(anonymous_3)
FN:230,(anonymous_4)
FN:246,(anonymous_5)
FN:247,(anonymous_6)
FN:248,(anonymous_7)
FN:250,(anonymous_8)
FN:294,(anonymous_9)
FN:310,compile
FN:314,compileFile
FNF:12
FNH:5
FNDA:71,PromptJSEngine
FNDA:71,(anonymous_1)
FNDA:1,(anonymous_2)
FNDA:0,(anonymous_3)
FNDA:0,(anonymous_4)
FNDA:0,(anonymous_5)
FNDA:0,(anonymous_6)
FNDA:0,(anonymous_7)
FNDA:0,(anonymous_8)
FNDA:71,(anonymous_9)
FNDA:71,compile
FNDA:0,compileFile
DA:20,4
DA:21,4
DA:22,4
DA:23,4
DA:24,4
DA:26,4
DA:27,4
DA:47,71
DA:48,71
DA:49,71
DA:68,4
DA:69,71
DA:70,71
DA:71,71
DA:74,71
DA:76,71
DA:77,0
DA:78,0
DA:82,71
DA:83,71
DA:84,4
DA:87,4
DA:88,0
DA:93,71
DA:95,71
DA:96,0
DA:98,0
DA:99,0
DA:103,71
DA:107,71
DA:108,71
DA:111,71
DA:112,71
DA:114,0
DA:120,0
DA:123,71
DA:124,1
DA:128,71
DA:130,71
DA:131,71
DA:135,0
DA:141,0
DA:144,71
DA:145,0
DA:147,71
DA:148,27
DA:152,71
DA:153,71
DA:154,1
DA:158,70
DA:160,70
DA:161,70
DA:163,0
DA:169,0
DA:172,70
DA:182,4
DA:183,0
DA:184,0
DA:185,0
DA:187,0
DA:188,0
DA:192,0
DA:193,0
DA:195,0
DA:209,0
DA:230,4
DA:231,0
DA:232,0
DA:234,0
DA:235,0
DA:236,0
DA:237,0
DA:238,0
DA:239,0
DA:241,0
DA:242,0
DA:243,0
DA:245,0
DA:246,0
DA:247,0
DA:248,0
DA:249,0
DA:250,0
DA:251,0
DA:253,0
DA:255,0
DA:258,0
DA:262,0
DA:263,0
DA:265,0
DA:271,0
DA:275,0
DA:279,0
DA:294,4
DA:295,71
DA:308,4
DA:311,71
DA:312,71
DA:315,0
DA:316,0
LF:100
LH:49
BRDA:71,0,0,71
BRDA:71,0,1,67
BRDA:76,1,0,0
BRDA:76,1,1,71
BRDA:76,2,0,71
BRDA:76,2,1,71
BRDA:83,3,0,4
BRDA:83,3,1,67
BRDA:83,4,0,71
BRDA:83,4,1,4
BRDA:87,5,0,0
BRDA:87,5,1,4
BRDA:87,6,0,4
BRDA:87,6,1,0
BRDA:95,7,0,0
BRDA:95,7,1,71
BRDA:95,8,0,71
BRDA:95,8,1,71
BRDA:98,9,0,0
BRDA:98,9,1,0
BRDA:123,10,0,1
BRDA:123,10,1,70
BRDA:123,11,0,71
BRDA:123,11,1,71
BRDA:144,12,0,0
BRDA:144,12,1,71
BRDA:144,13,0,71
BRDA:144,13,1,71
BRDA:147,14,0,27
BRDA:147,14,1,44
BRDA:147,15,0,71
BRDA:147,15,1,71
BRDA:153,16,0,1
BRDA:153,16,1,70
BRDA:183,17,0,0
BRDA:183,17,1,0
BRDA:184,18,0,0
BRDA:184,18,1,0
BRDA:187,19,0,0
BRDA:187,19,1,0
BRDA:231,20,0,0
BRDA:231,20,1,0
BRDA:235,21,0,0
BRDA:235,21,1,0
BRDA:241,22,0,0
BRDA:241,22,1,0
BRDA:243,23,0,0
BRDA:243,23,1,0
BRDA:251,24,0,0
BRDA:251,24,1,0
BRDA:262,25,0,0
BRDA:262,25,1,0
BRDA:297,26,0,71
BRDA:297,26,1,0
BRDA:298,27,0,71
BRDA:298,27,1,0
BRDA:299,28,0,71
BRDA:299,28,1,1
BRDA:300,29,0,71
BRDA:300,29,1,70
BRDA:300,29,2,70
BRF:61
BRH:34
end_of_record
TN:
SF:src/lexer/promptjs-lexer.js
FN:53,(anonymous_0)
FN:60,(anonymous_1)
FN:204,(anonymous_2)
FN:335,createError
FN:360,Token
FN:373,(anonymous_5)
FN:393,PromptJSLexer
FN:422,(anonymous_7)
FN:503,(anonymous_8)
FN:532,(anonymous_9)
FN:579,(anonymous_10)
FN:659,(anonymous_11)
FN:695,(anonymous_12)
FN:721,(anonymous_13)
FN:760,(anonymous_14)
FN:947,(anonymous_15)
FN:1015,(anonymous_16)
FN:1082,(anonymous_17)
FN:1104,(anonymous_18)
FN:1144,(anonymous_19)
FN:1425,(anonymous_20)
FN:1488,(anonymous_21)
FNF:22
FNH:19
FNDA:4,(anonymous_0)
FNDA:4,(anonymous_1)
FNDA:64,(anonymous_2)
FNDA:0,createError
FNDA:1257,Token
FNDA:0,(anonymous_5)
FNDA:71,PromptJSLexer
FNDA:71,(anonymous_7)
FNDA:251,(anonymous_8)
FNDA:251,(anonymous_9)
FNDA:251,(anonymous_10)
FNDA:62,(anonymous_11)
FNDA:3,(anonymous_12)
FNDA:0,(anonymous_13)
FNDA:109,(anonymous_14)
FNDA:86,(anonymous_15)
FNDA:24,(anonymous_16)
FNDA:50,(anonymous_17)
FNDA:1,(anonymous_18)
FNDA:103,(anonymous_19)
FNDA:4,(anonymous_20)
FNDA:71,(anonymous_21)
DA:53,4
DA:55,4
DA:56,4
DA:58,0
DA:66,4
DA:137,4
DA:187,4
DA:205,64
DA:215,4
DA:255,4
DA:336,0
DA:361,1257
DA:362,1257
DA:363,1257
DA:364,1257
DA:365,1257
DA:373,4
DA:374,0
DA:394,71
DA:395,71
DA:396,71
DA:397,71
DA:400,71
DA:401,71
DA:402,71
DA:403,71
DA:404,71
DA:405,71
DA:422,4
DA:423,71
DA:424,71
DA:425,71
DA:426,71
DA:427,71
DA:428,71
DA:429,71
DA:430,71
DA:431,71
DA:432,71
DA:434,71
DA:436,71
DA:437,270
DA:438,270
DA:441,270
DA:442,4
DA:443,4
DA:445,266
DA:446,9
DA:447,4
DA:450,5
DA:451,5
DA:453,9
DA:457,257
DA:458,6
DA:462,251
DA:463,251
DA:464,0
DA:473,0
DA:475,251
DA:477,251
DA:480,251
DA:481,251
DA:485,71
DA:486,96
DA:487,96
DA:490,71
DA:491,71
DA:503,4
DA:504,251
DA:505,251
DA:506,943
DA:507,943
DA:508,692
DA:509,251
DA:510,0
DA:512,251
DA:515,251
DA:516,251
DA:532,4
DA:533,251
DA:534,251
DA:535,113
DA:536,113
DA:537,138
DA:538,9
DA:542,17
DA:543,17
DA:545,9
DA:546,0
DA:579,4
DA:580,251
DA:583,251
DA:584,0
DA:588,251
DA:589,62
DA:590,62
DA:594,189
DA:595,3
DA:596,3
DA:600,186
DA:601,0
DA:602,0
DA:606,186
DA:609,186
DA:610,109
DA:611,109
DA:615,77
DA:618,77
DA:619,24
DA:620,53
DA:624,53
DA:627,50
DA:628,50
DA:629,3
DA:633,3
DA:634,2
DA:635,1
DA:639,1
DA:640,1
DA:641,0
DA:645,0
DA:659,4
DA:660,62
DA:661,62
DA:663,62
DA:664,62
DA:665,62
DA:668,0
DA:669,0
DA:670,0
DA:695,4
DA:696,3
DA:697,3
DA:698,3
DA:700,3
DA:703,3
DA:706,3
DA:721,4
DA:723,0
DA:724,0
DA:726,0
DA:727,0
DA:729,0
DA:730,0
DA:731,0
DA:734,0
DA:758,4
DA:760,4
DA:761,109
DA:762,109
DA:766,109
DA:767,109
DA:773,10
DA:778,10
DA:779,10
DA:781,10
DA:782,0
DA:784,10
DA:785,10
DA:786,10
DA:787,10
DA:788,3
DA:790,10
DA:799,10
DA:800,10
DA:801,10
DA:802,10
DA:803,0
DA:804,0
DA:807,0
DA:817,99
DA:819,99
DA:823,99
DA:824,6
DA:825,6
DA:826,6
DA:827,6
DA:828,6
DA:829,6
DA:830,6
DA:831,6
DA:832,6
DA:833,6
DA:834,6
DA:835,6
DA:837,6
DA:839,6
DA:840,6
DA:841,6
DA:843,0
DA:853,93
DA:857,93
DA:858,93
DA:859,7
DA:860,7
DA:861,7
DA:862,7
DA:863,7
DA:871,7
DA:872,7
DA:873,7
DA:874,7
DA:876,7
DA:877,86
DA:882,86
DA:883,86
DA:884,86
DA:885,86
DA:886,624
DA:887,0
DA:888,0
DA:889,0
DA:892,624
DA:893,0
DA:894,624
DA:895,86
DA:896,86
DA:897,624
DA:902,86
DA:903,86
DA:904,86
DA:906,86
DA:907,86
DA:910,86
DA:911,86
DA:914,13
DA:915,13
DA:917,0
DA:919,0
DA:920,0
DA:947,4
DA:949,86
DA:950,86
DA:951,86
DA:952,86
DA:955,439
DA:956,423
DA:957,86
DA:961,19
DA:962,16
DA:963,16
DA:964,16
DA:965,87
DA:966,84
DA:967,16
DA:969,16
DA:970,3
DA:971,3
DA:972,3
DA:973,12
DA:974,12
DA:975,3
DA:977,0
DA:979,86
DA:984,86
DA:994,16
DA:995,16
DA:997,3
DA:998,3
DA:1015,4
DA:1016,24
DA:1017,24
DA:1019,24
DA:1021,24
DA:1023,0
DA:1024,1
DA:1025,1
DA:1027,23
DA:1032,23
DA:1033,23
DA:1037,23
DA:1038,23
DA:1039,9
DA:1040,9
DA:1041,5
DA:1042,5
DA:1043,5
DA:1046,23
DA:1047,23
DA:1049,5
DA:1050,5
DA:1059,23
DA:1061,0
DA:1062,0
DA:1082,4
DA:1083,50
DA:1084,50
DA:1086,50
DA:1087,50
DA:1088,50
DA:1104,4
DA:1105,1
DA:1106,1
DA:1107,1
DA:1109,1
DA:1110,1
DA:1113,0
DA:1114,0
DA:1116,1
DA:1144,4
DA:1145,103
DA:1146,103
DA:1148,103
DA:1149,103
DA:1151,660
DA:1152,660
DA:1155,240
DA:1156,420
DA:1157,420
DA:1161,31
DA:1162,31
DA:1163,31
DA:1164,31
DA:1165,31
DA:1166,106
DA:1167,0
DA:1168,106
DA:1170,106
DA:1171,31
DA:1174,31
DA:1175,31
DA:1176,389
DA:1180,307
DA:1184,0
DA:1185,0
DA:1186,82
DA:1187,123
DA:1189,93
DA:1190,86
DA:1191,82
DA:1193,82
DA:1196,307
DA:1200,0
DA:1201,0
DA:1202,0
DA:1203,0
DA:1211,0
DA:1212,0
DA:1214,0
DA:1215,307
DA:1219,281
DA:1220,281
DA:1221,281
DA:1222,0
DA:1223,0
DA:1224,307
DA:1225,307
DA:1228,284
DA:1229,284
DA:1230,284
DA:1239,0
DA:1241,1
DA:1242,0
DA:1244,1
DA:1245,1
DA:1247,1
DA:1248,0
DA:1250,1
DA:1251,0
DA:1253,1
DA:1254,0
DA:1256,1
DA:1257,1
DA:1259,1
DA:1260,306
DA:1261,306
DA:1266,50
DA:1268,50
DA:1269,6
DA:1270,6
DA:1272,6
DA:1273,0
DA:1274,0
DA:1276,0
DA:1277,0
DA:1278,0
DA:1280,0
DA:1281,0
DA:1282,0
DA:1284,0
DA:1285,0
DA:1286,0
DA:1288,0
DA:1289,0
DA:1290,0
DA:1292,0
DA:1293,0
DA:1294,0
DA:1296,0
DA:1297,0
DA:1298,0
DA:1300,0
DA:1301,1
DA:1302,1
DA:1304,1
DA:1305,0
DA:1306,0
DA:1308,0
DA:1309,29
DA:1310,29
DA:1312,29
DA:1313,6
DA:1314,6
DA:1316,6
DA:1317,20
DA:1318,20
DA:1320,20
DA:1321,4
DA:1322,4
DA:1324,4
DA:1325,4
DA:1326,4
DA:1328,4
DA:1329,4
DA:1330,4
DA:1332,4
DA:1333,4
DA:1334,4
DA:1336,4
DA:1337,7
DA:1338,7
DA:1340,7
DA:1341,7
DA:1342,7
DA:1344,7
DA:1345,164
DA:1346,164
DA:1350,0
DA:1351,164
DA:1352,164
DA:1353,2437
DA:1354,2437
DA:1355,24
DA:1356,24
DA:1357,24
DA:1360,24
DA:1361,24
DA:1362,164
DA:1363,140
DA:1368,0
DA:1369,471
DA:1370,471
DA:1377,140
DA:1378,140
DA:1382,140
DA:1383,8
DA:1384,8
DA:1386,132
DA:1390,0
DA:1394,0
DA:1403,4
DA:1425,4
DA:1426,4
DA:1427,4
DA:1428,5
DA:1429,5
DA:1430,5
DA:1431,5
DA:1432,5
DA:1433,5
DA:1434,5
DA:1437,0
DA:1438,5
DA:1441,1
DA:1443,1
DA:1444,1
DA:1446,0
DA:1448,0
DA:1449,0
DA:1451,0
DA:1458,4
DA:1459,4
DA:1460,4
DA:1462,3
DA:1466,4
DA:1472,4
DA:1473,4
DA:1474,4
DA:1475,4
DA:1476,4
DA:1477,4
DA:1478,4
DA:1488,71
DA:1489,71
DA:1490,4
DA:1493,0
LF:486
LH:394
BRDA:55,0,0,4
BRDA:55,0,1,0
BRDA:55,1,0,4
BRDA:55,1,1,4
BRDA:58,2,0,0
BRDA:58,2,1,0
BRDA:60,3,0,0
BRDA:60,3,1,4
BRDA:342,4,0,0
BRDA:342,4,1,0
BRDA:365,5,0,1257
BRDA:365,5,1,1092
BRDA:441,6,0,4
BRDA:441,6,1,266
BRDA:441,7,0,270
BRDA:441,7,1,71
BRDA:445,8,0,9
BRDA:445,8,1,257
BRDA:446,9,0,4
BRDA:446,9,1,5
BRDA:450,10,0,4
BRDA:450,10,1,1
BRDA:457,11,0,6
BRDA:457,11,1,251
BRDA:463,12,0,0
BRDA:463,12,1,251
BRDA:475,13,0,0
BRDA:475,13,1,251
BRDA:507,14,0,692
BRDA:507,14,1,251
BRDA:509,15,0,0
BRDA:509,15,1,251
BRDA:515,16,0,0
BRDA:515,16,1,251
BRDA:534,17,0,113
BRDA:534,17,1,138
BRDA:537,18,0,9
BRDA:537,18,1,129
BRDA:539,19,0,9
BRDA:539,19,1,20
BRDA:545,20,0,0
BRDA:545,20,1,9
BRDA:583,21,0,0
BRDA:583,21,1,251
BRDA:583,22,0,251
BRDA:583,22,1,251
BRDA:588,23,0,62
BRDA:588,23,1,189
BRDA:588,24,0,251
BRDA:588,24,1,189
BRDA:594,25,0,3
BRDA:594,25,1,186
BRDA:600,26,0,0
BRDA:600,26,1,186
BRDA:609,27,0,109
BRDA:609,27,1,77
BRDA:618,28,0,24
BRDA:618,28,1,53
BRDA:627,29,0,50
BRDA:627,29,1,0
BRDA:633,30,0,2
BRDA:633,30,1,1
BRDA:639,31,0,1
BRDA:639,31,1,0
BRDA:663,32,0,62
BRDA:663,32,1,0
BRDA:724,33,0,0
BRDA:724,33,1,0
BRDA:761,34,0,109
BRDA:761,34,1,109
BRDA:773,35,0,10
BRDA:773,35,1,99
BRDA:781,36,0,0
BRDA:781,36,1,10
BRDA:786,37,0,10
BRDA:786,37,1,0
BRDA:788,38,0,3
BRDA:788,38,1,10
BRDA:800,39,0,10
BRDA:800,39,1,0
BRDA:803,40,0,0
BRDA:803,40,1,0
BRDA:823,41,0,6
BRDA:823,41,1,93
BRDA:825,42,0,0
BRDA:825,42,1,6
BRDA:829,43,0,6
BRDA:829,43,1,0
BRDA:831,44,0,6
BRDA:831,44,1,0
BRDA:834,45,0,6
BRDA:834,45,1,0
BRDA:840,46,0,6
BRDA:840,46,1,0
BRDA:857,47,0,93
BRDA:857,47,1,0
BRDA:859,48,0,7
BRDA:859,48,1,0
BRDA:873,49,0,7
BRDA:873,49,1,0
BRDA:887,50,0,0
BRDA:887,50,1,624
BRDA:888,51,0,0
BRDA:888,51,1,0
BRDA:888,52,0,0
BRDA:888,52,1,0
BRDA:892,53,0,0
BRDA:892,53,1,86
BRDA:892,54,0,0
BRDA:892,54,1,0
BRDA:895,55,0,86
BRDA:895,55,1,0
BRDA:902,56,0,86
BRDA:902,56,1,0
BRDA:906,57,0,86
BRDA:906,57,1,0
BRDA:914,58,0,13
BRDA:914,58,1,0
BRDA:917,59,0,0
BRDA:917,59,1,0
BRDA:955,60,0,439
BRDA:955,60,1,424
BRDA:955,60,2,423
BRDA:962,61,0,16
BRDA:962,61,1,3
BRDA:965,62,0,87
BRDA:965,62,1,86
BRDA:965,62,2,84
BRDA:969,63,0,3
BRDA:969,63,1,13
BRDA:970,64,0,3
BRDA:970,64,1,86
BRDA:973,65,0,12
BRDA:973,65,1,12
BRDA:973,65,2,12
BRDA:977,66,0,0
BRDA:977,66,1,0
BRDA:997,67,0,3
BRDA:997,67,1,0
BRDA:1016,68,0,0
BRDA:1016,68,1,24
BRDA:1021,69,0,1
BRDA:1021,69,1,23
BRDA:1021,70,0,24
BRDA:1021,70,1,1
BRDA:1023,71,0,1
BRDA:1023,71,1,-1
BRDA:1023,72,0,0
BRDA:1023,72,1,1
BRDA:1024,73,0,1
BRDA:1024,73,1,0
BRDA:1032,74,0,23
BRDA:1032,74,1,0
BRDA:1037,75,0,16
BRDA:1037,75,1,23
BRDA:1039,76,0,9
BRDA:1039,76,1,0
BRDA:1041,77,0,5
BRDA:1041,77,1,0
BRDA:1046,78,0,23
BRDA:1046,78,1,0
BRDA:1049,79,0,5
BRDA:1049,79,1,0
BRDA:1061,80,0,0
BRDA:1061,80,1,0
BRDA:1083,81,0,0
BRDA:1083,81,1,50
BRDA:1087,82,0,50
BRDA:1087,82,1,0
BRDA:1113,83,0,0
BRDA:1113,83,1,1
BRDA:1145,84,0,103
BRDA:1145,84,1,-103
BRDA:1145,85,0,103
BRDA:1145,85,1,103
BRDA:1155,86,0,240
BRDA:1155,86,1,0
BRDA:1155,87,0,240
BRDA:1155,87,1,240
BRDA:1161,88,0,31
BRDA:1161,88,1,0
BRDA:1161,89,0,31
BRDA:1161,89,1,31
BRDA:1165,90,0,106
BRDA:1165,90,1,106
BRDA:1166,91,0,0
BRDA:1166,91,1,106
BRDA:1166,92,0,0
BRDA:1166,92,1,0
BRDA:1174,93,0,31
BRDA:1174,93,1,0
BRDA:1180,94,0,82
BRDA:1180,94,1,225
BRDA:1181,95,0,307
BRDA:1181,95,1,0
BRDA:1181,95,2,0
BRDA:1181,95,3,0
BRDA:1181,95,4,0
BRDA:1181,95,5,82
BRDA:1185,96,0,0
BRDA:1185,96,1,0
BRDA:1189,97,0,93
BRDA:1189,97,1,37
BRDA:1189,97,2,86
BRDA:1189,97,3,86
BRDA:1200,98,0,0
BRDA:1200,98,1,0
BRDA:1204,99,0,0
BRDA:1204,99,1,0
BRDA:1204,99,2,0
BRDA:1204,99,3,0
BRDA:1204,99,4,0
BRDA:1204,99,5,0
BRDA:1204,99,6,0
BRDA:1204,99,7,0
BRDA:1204,99,8,0
BRDA:1219,100,0,281
BRDA:1219,100,1,0
BRDA:1221,101,0,0
BRDA:1221,101,1,281
BRDA:1221,102,0,281
BRDA:1221,102,1,0
BRDA:1221,102,2,0
BRDA:1222,103,0,0
BRDA:1222,103,1,0
BRDA:1222,104,0,0
BRDA:1222,104,1,0
BRDA:1228,105,0,284
BRDA:1228,105,1,0
BRDA:1230,106,0,1
BRDA:1230,106,1,283
BRDA:1231,107,0,284
BRDA:1231,107,1,283
BRDA:1231,107,2,283
BRDA:1231,107,3,283
BRDA:1231,107,4,284
BRDA:1231,107,5,1
BRDA:1239,108,0,0
BRDA:1239,108,1,0
BRDA:1239,108,2,1
BRDA:1239,108,3,0
BRDA:1239,108,4,0
BRDA:1239,108,5,0
BRDA:1266,109,0,50
BRDA:1266,109,1,6
BRDA:1266,109,2,0
BRDA:1266,109,3,0
BRDA:1266,109,4,0
BRDA:1266,109,5,0
BRDA:1266,109,6,0
BRDA:1266,109,7,0
BRDA:1266,109,8,0
BRDA:1266,109,9,1
BRDA:1266,109,10,0
BRDA:1266,109,11,29
BRDA:1266,109,12,6
BRDA:1266,109,13,20
BRDA:1266,109,14,4
BRDA:1266,109,15,4
BRDA:1266,109,16,4
BRDA:1266,109,17,4
BRDA:1266,109,18,7
BRDA:1266,109,19,7
BRDA:1350,110,0,164
BRDA:1350,110,1,-164
BRDA:1350,111,0,0
BRDA:1350,111,1,164
BRDA:1350,111,2,164
BRDA:1350,111,3,164
BRDA:1355,112,0,24
BRDA:1355,112,1,0
BRDA:1360,113,0,24
BRDA:1360,113,1,0
BRDA:1368,114,0,140
BRDA:1368,114,1,-140
BRDA:1368,115,0,0
BRDA:1368,115,1,660
BRDA:1368,115,2,140
BRDA:1368,115,3,140
BRDA:1368,115,4,140
BRDA:1371,116,0,471
BRDA:1371,116,1,362
BRDA:1371,116,2,109
BRDA:1371,116,3,0
BRDA:1371,116,4,109
BRDA:1371,116,5,22
BRDA:1371,116,6,362
BRDA:1371,116,7,362
BRDA:1383,117,0,8
BRDA:1383,117,1,132
BRDA:1426,118,0,4
BRDA:1426,118,1,0
BRDA:1426,119,0,4
BRDA:1426,119,1,4
BRDA:1430,120,0,5
BRDA:1430,120,1,0
BRDA:1430,121,0,5
BRDA:1430,121,1,5
BRDA:1432,122,0,5
BRDA:1432,122,1,0
BRDA:1437,123,0,0
BRDA:1437,123,1,1
BRDA:1437,124,0,0
BRDA:1437,124,1,0
BRDA:1441,125,0,1
BRDA:1441,125,1,4
BRF:306
BRH:185
end_of_record
TN:
SF:src/parser/ast-factory.js
FN:102,ensureLoc
FN:128,buatLoc
FN:163,locFromTokens
FN:181,gabungLoc
FN:206,buatProgramNode
FN:227,buatDataDeclaration
FN:248,buatTetapDeclaration
FN:269,buatUbahDeclaration
FN:293,buatTurunanDeclaration
FN:315,buatKomponenDeclaration
FN:338,buatFungsiDeclaration
FN:359,buatBlockStatement
FN:385,buatBuatStatement
FN:415,buatTampilkanStatement
FN:436,buatSembunyikanStatement
FN:453,buatHapusStatement
FN:473,buatHapusDariStatement
FN:491,buatKosongkanStatement
FN:510,buatPerbaruiStatement
FN:532,buatKetikaStatement
FN:554,buatSaatStatement
FN:573,buatLifecycleStatement
FN:593,buatSetelahStatement
FN:615,buatJikaStatement
FN:644,buatUlangiStatement
FN:667,buatSelamaStatement
FN:683,buatBerhentiStatement
FN:693,buatLewatiStatement
FN:704,buatKembalikanStatement
FN:722,buatSimpanStatement
FN:742,buatTambahkanStatement
FN:761,buatKurangiStatement
FN:781,buatSisipkanStatement
FN:804,buatAmbilDomStatement
FN:827,buatAmbilLuarStatement
FN:852,buatGunakanStatement
FN:872,buatArahkanStatement
FN:887,buatMuatUlangStatement
FN:897,buatKembaliStatement
FN:911,buatLangsungBlock
FN:930,buatJalankanExpression
FN:952,buatPanggilNativeExpression
FN:970,buatRantaiAksi
FN:989,buatLiteral
FN:1005,buatIdentifier
FN:1022,buatBinaryExpression
FN:1041,buatUnaryExpression
FN:1060,buatConditionalExpression
FN:1078,buatMemberExpression
FN:1095,buatCallExpression
FN:1111,buatObjectLiteral
FN:1126,buatArrayLiteral
FN:1146,buatSelector
FN:1166,buatPropertyNode
FN:1184,buatAttributeNode
FN:1209,buatErrorNode
FN:1233,buatParameter
FN:1252,buatFetchBranch
FN:1269,buatFetchOption
FNF:59
FNH:24
FNDA:747,ensureLoc
FNDA:444,buatLoc
FNDA:0,locFromTokens
FNDA:0,gabungLoc
FNDA:71,buatProgramNode
FNDA:2,buatDataDeclaration
FNDA:53,buatTetapDeclaration
FNDA:0,buatUbahDeclaration
FNDA:0,buatTurunanDeclaration
FNDA:6,buatKomponenDeclaration
FNDA:0,buatFungsiDeclaration
FNDA:125,buatBlockStatement
FNDA:105,buatBuatStatement
FNDA:0,buatTampilkanStatement
FNDA:0,buatSembunyikanStatement
FNDA:0,buatHapusStatement
FNDA:0,buatHapusDariStatement
FNDA:0,buatKosongkanStatement
FNDA:0,buatPerbaruiStatement
FNDA:3,buatKetikaStatement
FNDA:0,buatSaatStatement
FNDA:0,buatLifecycleStatement
FNDA:0,buatSetelahStatement
FNDA:14,buatJikaStatement
FNDA:9,buatUlangiStatement
FNDA:0,buatSelamaStatement
FNDA:0,buatBerhentiStatement
FNDA:2,buatLewatiStatement
FNDA:0,buatKembalikanStatement
FNDA:0,buatSimpanStatement
FNDA:0,buatTambahkanStatement
FNDA:0,buatKurangiStatement
FNDA:0,buatSisipkanStatement
FNDA:0,buatAmbilDomStatement
FNDA:0,buatAmbilLuarStatement
FNDA:7,buatGunakanStatement
FNDA:0,buatArahkanStatement
FNDA:0,buatMuatUlangStatement
FNDA:0,buatKembaliStatement
FNDA:0,buatLangsungBlock
FNDA:0,buatJalankanExpression
FNDA:0,buatPanggilNativeExpression
FNDA:0,buatRantaiAksi
FNDA:117,buatLiteral
FNDA:46,buatIdentifier
FNDA:31,buatBinaryExpression
FNDA:0,buatUnaryExpression
FNDA:6,buatConditionalExpression
FNDA:1,buatMemberExpression
FNDA:3,buatCallExpression
FNDA:7,buatObjectLiteral
FNDA:4,buatArrayLiteral
FNDA:112,buatSelector
FNDA:13,buatPropertyNode
FNDA:0,buatAttributeNode
FNDA:0,buatErrorNode
FNDA:10,buatParameter
FNDA:0,buatFetchBranch
FNDA:0,buatFetchOption
DA:90,4
DA:103,747
DA:104,382
DA:105,382
DA:130,444
DA:132,444
DA:133,444
DA:135,444
DA:136,0
DA:138,444
DA:139,0
DA:142,444
DA:143,0
DA:146,444
DA:147,444
DA:164,0
DA:182,0
DA:183,0
DA:184,0
DA:207,71
DA:228,2
DA:249,53
DA:270,0
DA:294,0
DA:316,6
DA:339,0
DA:360,125
DA:386,105
DA:392,105
DA:393,0
DA:395,105
DA:396,95
DA:398,105
DA:399,0
DA:401,105
DA:416,0
DA:422,0
DA:423,0
DA:424,0
DA:425,0
DA:437,0
DA:454,0
DA:474,0
DA:492,0
DA:511,0
DA:533,3
DA:539,3
DA:540,3
DA:541,3
DA:542,3
DA:555,0
DA:574,0
DA:594,0
DA:600,0
DA:601,0
DA:602,0
DA:616,14
DA:623,14
DA:624,14
DA:645,9
DA:654,9
DA:655,9
DA:668,0
DA:684,0
DA:694,2
DA:705,0
DA:706,0
DA:707,0
DA:723,0
DA:743,0
DA:762,0
DA:768,0
DA:769,0
DA:782,0
DA:805,0
DA:813,0
DA:814,0
DA:828,0
DA:835,0
DA:836,0
DA:853,7
DA:859,7
DA:860,7
DA:861,7
DA:873,0
DA:888,0
DA:898,0
DA:912,0
DA:931,0
DA:938,0
DA:939,0
DA:940,0
DA:953,0
DA:971,0
DA:990,117
DA:1006,46
DA:1023,31
DA:1042,0
DA:1061,6
DA:1079,1
DA:1096,3
DA:1112,7
DA:1127,4
DA:1147,112
DA:1167,13
DA:1185,0
DA:1210,0
DA:1218,0
DA:1219,0
DA:1234,10
DA:1239,10
DA:1240,10
DA:1241,10
DA:1253,0
DA:1270,0
DA:1278,4
LF:116
LH:54
BRDA:103,0,0,365
BRDA:103,0,1,382
BRDA:104,1,0,0
BRDA:104,1,1,382
BRDA:130,2,0,0
BRDA:130,2,1,444
BRDA:130,3,0,444
BRDA:130,3,1,0
BRDA:135,4,0,0
BRDA:135,4,1,444
BRDA:135,5,0,444
BRDA:135,5,1,444
BRDA:138,6,0,0
BRDA:138,6,1,444
BRDA:138,7,0,444
BRDA:138,7,1,444
BRDA:142,8,0,0
BRDA:142,8,1,444
BRDA:146,9,0,0
BRDA:146,9,1,444
BRDA:166,10,0,0
BRDA:166,10,1,0
BRDA:182,11,0,0
BRDA:182,11,1,0
BRDA:183,12,0,0
BRDA:183,12,1,0
BRDA:187,13,0,0
BRDA:187,13,1,0
BRDA:191,14,0,0
BRDA:191,14,1,0
BRDA:209,15,0,71
BRDA:209,15,1,0
BRDA:210,16,0,71
BRDA:210,16,1,71
BRDA:211,17,0,71
BRDA:211,17,1,0
BRDA:231,18,0,2
BRDA:231,18,1,2
BRDA:233,19,0,2
BRDA:233,19,1,2
BRDA:252,20,0,53
BRDA:252,20,1,53
BRDA:254,21,0,53
BRDA:254,21,1,53
BRDA:273,22,0,0
BRDA:273,22,1,0
BRDA:275,23,0,0
BRDA:275,23,1,0
BRDA:297,24,0,0
BRDA:297,24,1,0
BRDA:299,25,0,0
BRDA:299,25,1,0
BRDA:319,26,0,6
BRDA:319,26,1,6
BRDA:321,27,0,6
BRDA:321,27,1,6
BRDA:322,28,0,6
BRDA:322,28,1,6
BRDA:342,29,0,0
BRDA:342,29,1,0
BRDA:344,30,0,0
BRDA:344,30,1,0
BRDA:345,31,0,0
BRDA:345,31,1,0
BRDA:363,32,0,125
BRDA:363,32,1,125
BRDA:389,33,0,105
BRDA:389,33,1,95
BRDA:392,34,0,0
BRDA:392,34,1,105
BRDA:392,35,0,105
BRDA:392,35,1,0
BRDA:395,36,0,95
BRDA:395,36,1,10
BRDA:398,37,0,0
BRDA:398,37,1,105
BRDA:419,38,0,0
BRDA:419,38,1,0
BRDA:422,39,0,0
BRDA:422,39,1,0
BRDA:423,40,0,0
BRDA:423,40,1,0
BRDA:424,41,0,0
BRDA:424,41,1,0
BRDA:440,42,0,0
BRDA:440,42,1,0
BRDA:457,43,0,0
BRDA:457,43,1,0
BRDA:477,44,0,0
BRDA:477,44,1,0
BRDA:495,45,0,0
BRDA:495,45,1,0
BRDA:514,46,0,0
BRDA:514,46,1,0
BRDA:536,47,0,3
BRDA:536,47,1,3
BRDA:539,48,0,0
BRDA:539,48,1,3
BRDA:540,49,0,0
BRDA:540,49,1,3
BRDA:541,50,0,3
BRDA:541,50,1,0
BRDA:558,51,0,0
BRDA:558,51,1,0
BRDA:577,52,0,0
BRDA:577,52,1,0
BRDA:597,53,0,0
BRDA:597,53,1,0
BRDA:600,54,0,0
BRDA:600,54,1,0
BRDA:601,55,0,0
BRDA:601,55,1,0
BRDA:619,56,0,14
BRDA:619,56,1,14
BRDA:623,57,0,1
BRDA:623,57,1,13
BRDA:648,58,0,9
BRDA:648,58,1,9
BRDA:654,59,0,0
BRDA:654,59,1,9
BRDA:654,60,0,9
BRDA:654,60,1,9
BRDA:671,61,0,0
BRDA:671,61,1,0
BRDA:706,62,0,0
BRDA:706,62,1,0
BRDA:726,63,0,0
BRDA:726,63,1,0
BRDA:746,64,0,0
BRDA:746,64,1,0
BRDA:765,65,0,0
BRDA:765,65,1,0
BRDA:768,66,0,0
BRDA:768,66,1,0
BRDA:785,67,0,0
BRDA:785,67,1,0
BRDA:808,68,0,0
BRDA:808,68,1,0
BRDA:813,69,0,0
BRDA:813,69,1,0
BRDA:831,70,0,0
BRDA:831,70,1,0
BRDA:833,71,0,0
BRDA:833,71,1,0
BRDA:835,72,0,0
BRDA:835,72,1,0
BRDA:835,73,0,0
BRDA:835,73,1,0
BRDA:856,74,0,7
BRDA:856,74,1,7
BRDA:859,75,0,7
BRDA:859,75,1,0
BRDA:859,76,0,7
BRDA:859,76,1,7
BRDA:860,77,0,0
BRDA:860,77,1,7
BRDA:876,78,0,0
BRDA:876,78,1,0
BRDA:934,79,0,0
BRDA:934,79,1,0
BRDA:938,80,0,0
BRDA:938,80,1,0
BRDA:938,81,0,0
BRDA:938,81,1,0
BRDA:939,82,0,0
BRDA:939,82,1,0
BRDA:939,83,0,0
BRDA:939,83,1,0
BRDA:956,84,0,0
BRDA:956,84,1,0
BRDA:958,85,0,0
BRDA:958,85,1,0
BRDA:1100,86,0,3
BRDA:1100,86,1,3
BRDA:1115,87,0,7
BRDA:1115,87,1,7
BRDA:1130,88,0,4
BRDA:1130,88,1,4
BRDA:1151,89,0,106
BRDA:1151,89,1,106
BRDA:1152,90,0,112
BRDA:1152,90,1,112
BRDA:1153,91,0,112
BRDA:1153,91,1,112
BRDA:1218,92,0,0
BRDA:1218,92,1,0
BRDA:1239,93,0,0
BRDA:1239,93,1,10
BRDA:1240,94,0,0
BRDA:1240,94,1,10
BRF:190
BRH:74
end_of_record
TN:
SF:src/parser/error-codes.js
FN:380,getSeverity
FN:400,getStage
FN:438,createError
FN:479,buatParseError
FN:502,formatError
FNF:5
FNH:3
FNDA:29,getSeverity
FNDA:29,getStage
FNDA:29,createError
FNDA:0,buatParseError
FNDA:0,formatError
DA:24,4
DA:25,4
DA:26,4
DA:27,4
DA:28,4
DA:29,4
DA:30,4
DA:31,4
DA:32,4
DA:34,4
DA:40,4
DA:41,4
DA:42,4
DA:43,4
DA:44,4
DA:45,4
DA:46,4
DA:47,4
DA:48,4
DA:49,4
DA:50,4
DA:51,4
DA:52,4
DA:53,4
DA:54,4
DA:55,4
DA:56,4
DA:57,4
DA:58,4
DA:59,4
DA:60,4
DA:61,4
DA:62,4
DA:63,4
DA:64,4
DA:65,4
DA:66,4
DA:67,4
DA:69,4
DA:70,4
DA:71,4
DA:72,4
DA:78,4
DA:79,4
DA:80,4
DA:81,4
DA:82,4
DA:84,4
DA:85,4
DA:86,4
DA:92,4
DA:93,4
DA:94,4
DA:95,4
DA:96,4
DA:97,4
DA:98,4
DA:99,4
DA:100,4
DA:101,4
DA:102,4
DA:103,4
DA:104,4
DA:106,4
DA:107,4
DA:108,4
DA:109,4
DA:110,4
DA:111,4
DA:112,4
DA:113,4
DA:114,4
DA:115,4
DA:121,4
DA:122,4
DA:123,4
DA:125,4
DA:126,4
DA:132,4
DA:133,4
DA:134,4
DA:135,4
DA:141,4
DA:142,4
DA:149,4
DA:152,4
DA:154,4
DA:155,4
DA:157,4
DA:158,4
DA:159,4
DA:160,4
DA:161,4
DA:162,4
DA:165,4
DA:166,4
DA:167,4
DA:168,4
DA:169,4
DA:170,4
DA:171,4
DA:172,4
DA:173,4
DA:174,4
DA:175,4
DA:176,4
DA:177,4
DA:178,4
DA:179,4
DA:180,4
DA:181,4
DA:182,4
DA:183,4
DA:184,4
DA:185,4
DA:186,4
DA:187,4
DA:188,4
DA:189,4
DA:190,4
DA:191,4
DA:192,4
DA:195,4
DA:196,4
DA:197,4
DA:198,4
DA:199,4
DA:202,4
DA:203,4
DA:204,4
DA:205,4
DA:206,4
DA:207,4
DA:208,4
DA:209,4
DA:210,4
DA:211,4
DA:212,4
DA:213,4
DA:214,4
DA:215,4
DA:216,4
DA:217,4
DA:218,4
DA:219,4
DA:220,4
DA:223,4
DA:224,4
DA:225,4
DA:228,4
DA:229,4
DA:230,4
DA:231,4
DA:234,4
DA:235,4
DA:242,4
DA:245,4
DA:246,4
DA:247,4
DA:248,4
DA:249,4
DA:250,4
DA:251,4
DA:252,4
DA:253,4
DA:256,4
DA:257,4
DA:258,4
DA:259,4
DA:260,4
DA:261,4
DA:262,4
DA:263,4
DA:264,4
DA:265,4
DA:266,4
DA:267,4
DA:268,4
DA:269,4
DA:270,4
DA:271,4
DA:272,4
DA:273,4
DA:274,4
DA:275,4
DA:276,4
DA:278,4
DA:279,4
DA:280,4
DA:282,4
DA:283,4
DA:284,4
DA:285,4
DA:288,4
DA:289,4
DA:290,4
DA:291,4
DA:292,4
DA:296,4
DA:297,4
DA:298,4
DA:299,4
DA:300,4
DA:301,4
DA:302,4
DA:303,4
DA:304,4
DA:305,4
DA:306,4
DA:307,4
DA:308,4
DA:309,4
DA:310,4
DA:312,4
DA:314,4
DA:316,4
DA:317,4
DA:321,4
DA:322,4
DA:323,4
DA:326,4
DA:327,4
DA:328,4
DA:329,4
DA:332,4
DA:333,4
DA:381,29
DA:382,29
DA:401,29
DA:402,29
DA:403,29
DA:405,0
DA:407,0
DA:409,1
DA:411,28
DA:413,0
DA:415,0
DA:417,0
DA:439,29
DA:440,29
DA:441,29
DA:442,29
DA:453,29
DA:454,29
DA:455,58
DA:456,58
DA:461,29
DA:462,29
DA:463,29
DA:480,0
DA:503,0
DA:504,0
DA:505,0
DA:506,0
DA:507,0
DA:509,0
DA:510,0
DA:511,0
DA:529,4
LF:259
LH:245
BRDA:381,0,0,0
BRDA:381,0,1,29
BRDA:382,1,0,28
BRDA:382,1,1,1
BRDA:401,2,0,0
BRDA:401,2,1,29
BRDA:401,3,0,29
BRDA:401,3,1,29
BRDA:403,4,0,0
BRDA:403,4,1,0
BRDA:403,4,2,1
BRDA:403,4,3,28
BRDA:403,4,4,0
BRDA:403,4,5,0
BRDA:403,4,6,0
BRDA:440,5,0,29
BRDA:440,5,1,0
BRDA:441,6,0,29
BRDA:441,6,1,0
BRDA:453,7,0,29
BRDA:453,7,1,0
BRDA:455,8,0,58
BRDA:455,8,1,0
BRDA:461,9,0,29
BRDA:461,9,1,0
BRDA:462,10,0,1
BRDA:462,10,1,28
BRDA:504,11,0,0
BRDA:504,11,1,0
BRDA:504,12,0,0
BRDA:504,12,1,0
BRDA:506,13,0,0
BRDA:506,13,1,0
BRDA:509,14,0,0
BRDA:509,14,1,0
BRDA:510,15,0,0
BRDA:510,15,1,0
BRDA:521,16,0,0
BRDA:521,16,1,0
BRDA:521,17,0,0
BRDA:521,17,1,0
BRDA:521,18,0,0
BRDA:521,18,1,0
BRF:43
BRH:15
end_of_record
TN:
SF:src/parser/promptjs-parser.js
FN:46,PromptJSParser
FN:63,(anonymous_1)
FN:114,(anonymous_2)
FN:125,(anonymous_3)
FN:136,(anonymous_4)
FN:147,(anonymous_5)
FN:157,(anonymous_6)
FN:171,(anonymous_7)
FN:194,(anonymous_8)
FN:211,(anonymous_9)
FN:264,(anonymous_10)
FN:338,(anonymous_11)
FN:391,(anonymous_12)
FN:434,(anonymous_13)
FN:470,(anonymous_14)
FN:534,(anonymous_15)
FN:545,(anonymous_16)
FN:564,(anonymous_17)
FN:592,(anonymous_18)
FN:613,(anonymous_19)
FN:657,(anonymous_20)
FN:690,(anonymous_21)
FN:726,(anonymous_22)
FN:747,(anonymous_23)
FN:766,(anonymous_24)
FN:793,(anonymous_25)
FN:853,(anonymous_26)
FN:874,(anonymous_27)
FN:917,(anonymous_28)
FN:1021,parse
FNF:30
FNH:27
FNDA:71,PromptJSParser
FNDA:71,(anonymous_1)
FNDA:3411,(anonymous_2)
FNDA:1,(anonymous_3)
FNDA:1186,(anonymous_4)
FNDA:379,(anonymous_5)
FNDA:113,(anonymous_6)
FNDA:255,(anonymous_7)
FNDA:444,(anonymous_8)
FNDA:250,(anonymous_9)
FNDA:103,(anonymous_10)
FNDA:103,(anonymous_11)
FNDA:113,(anonymous_12)
FNDA:14,(anonymous_13)
FNDA:9,(anonymous_14)
FNDA:2,(anonymous_15)
FNDA:62,(anonymous_16)
FNDA:3,(anonymous_17)
FNDA:1,(anonymous_18)
FNDA:50,(anonymous_19)
FNDA:0,(anonymous_20)
FNDA:6,(anonymous_21)
FNDA:0,(anonymous_22)
FNDA:0,(anonymous_23)
FNDA:138,(anonymous_24)
FNDA:169,(anonymous_25)
FNDA:169,(anonymous_26)
FNDA:169,(anonymous_27)
FNDA:169,(anonymous_28)
FNDA:71,parse
DA:20,4
DA:21,4
DA:24,4
DA:47,71
DA:48,71
DA:49,71
DA:50,71
DA:63,4
DA:64,71
DA:65,71
DA:66,71
DA:67,71
DA:70,71
DA:71,4
DA:72,5
DA:82,5
DA:83,5
DA:87,71
DA:88,71
DA:89,127
DA:90,127
DA:91,127
DA:92,0
DA:93,0
DA:95,127
DA:96,127
DA:100,71
DA:102,71
DA:114,4
DA:115,3411
DA:116,3411
DA:125,4
DA:126,1
DA:127,1
DA:128,1
DA:136,4
DA:137,1186
DA:138,1186
DA:139,1186
DA:147,4
DA:148,379
DA:157,4
DA:158,113
DA:159,88
DA:161,25
DA:171,4
DA:172,255
DA:173,255
DA:175,0
DA:176,0
DA:184,255
DA:194,4
DA:195,444
DA:211,4
DA:212,250
DA:214,250
DA:216,103
DA:218,14
DA:220,0
DA:222,9
DA:224,2
DA:229,50
DA:231,0
DA:233,6
DA:235,0
DA:237,0
DA:239,62
DA:241,3
DA:243,1
DA:245,0
DA:246,0
DA:264,4
DA:265,103
DA:268,103
DA:271,103
DA:272,7
DA:273,7
DA:274,7
DA:275,11
DA:276,11
DA:277,11
DA:278,11
DA:279,11
DA:281,7
DA:282,7
DA:286,96
DA:288,96
DA:292,96
DA:293,96
DA:295,96
DA:297,13
DA:299,13
DA:301,13
DA:303,3
DA:308,3
DA:309,3
DA:312,10
DA:317,83
DA:322,96
DA:325,96
DA:326,0
DA:329,96
DA:338,4
DA:339,103
DA:340,103
DA:341,103
DA:342,103
DA:345,103
DA:351,103
DA:352,103
DA:353,103
DA:354,103
DA:355,103
DA:358,103
DA:359,19
DA:361,0
DA:362,0
DA:366,0
DA:367,0
DA:369,0
DA:371,0
DA:372,0
DA:374,0
DA:378,103
DA:391,4
DA:392,113
DA:395,113
DA:397,0
DA:399,113
DA:402,113
DA:403,123
DA:404,123
DA:407,113
DA:408,113
DA:411,113
DA:414,113
DA:415,9
DA:416,9
DA:417,9
DA:423,104
DA:434,4
DA:435,14
DA:438,14
DA:441,14
DA:443,14
DA:446,14
DA:449,14
DA:450,14
DA:451,1
DA:452,1
DA:453,1
DA:456,14
DA:470,4
DA:471,9
DA:474,9
DA:475,5
DA:476,5
DA:477,5
DA:478,5
DA:479,5
DA:480,5
DA:481,5
DA:484,0
DA:492,4
DA:494,4
DA:497,4
DA:498,4
DA:501,9
DA:502,0
DA:510,4
DA:512,4
DA:515,4
DA:518,4
DA:520,4
DA:523,4
DA:525,4
DA:534,4
DA:535,2
DA:536,2
DA:545,4
DA:546,62
DA:549,62
DA:564,4
DA:565,3
DA:566,3
DA:569,3
DA:572,3
DA:575,3
DA:577,3
DA:580,3
DA:592,4
DA:594,1
DA:595,1
DA:596,1
DA:597,1
DA:598,1
DA:602,0
DA:613,4
DA:614,50
DA:615,50
DA:618,50
DA:619,50
DA:622,50
DA:626,50
DA:627,50
DA:628,50
DA:631,50
DA:633,50
DA:636,2
DA:639,48
DA:642,0
DA:645,0
DA:647,0
DA:657,4
DA:658,0
DA:659,0
DA:660,0
DA:663,0
DA:664,0
DA:665,0
DA:666,0
DA:667,0
DA:668,0
DA:670,0
DA:674,0
DA:676,0
DA:677,0
DA:679,0
DA:690,4
DA:691,6
DA:692,6
DA:693,6
DA:696,6
DA:699,6
DA:700,6
DA:701,6
DA:702,10
DA:703,10
DA:704,10
DA:706,6
DA:710,6
DA:712,6
DA:713,6
DA:715,6
DA:726,4
DA:727,0
DA:730,0
DA:733,0
DA:735,0
DA:736,0
DA:738,0
DA:747,4
DA:748,0
DA:749,0
DA:750,0
DA:755,0
DA:757,0
DA:766,4
DA:767,138
DA:770,138
DA:771,6
DA:772,6
DA:773,6
DA:774,6
DA:775,6
DA:778,4
DA:793,4
DA:794,169
DA:796,169
DA:813,200
DA:814,200
DA:815,200
DA:816,31
DA:818,31
DA:820,31
DA:821,200
DA:824,200
DA:840,0
DA:842,200
DA:845,4
DA:853,4
DA:854,169
DA:855,0
DA:856,0
DA:857,0
DA:859,169
DA:860,0
DA:861,0
DA:862,0
DA:864,169
DA:874,4
DA:875,169
DA:877,173
DA:878,173
DA:879,1
DA:880,1
DA:881,1
DA:882,1
DA:884,172
DA:886,3
DA:887,3
DA:888,3
DA:889,3
DA:890,3
DA:892,3
DA:893,3
DA:895,169
DA:899,4
DA:917,4
DA:918,169
DA:921,30
DA:922,30
DA:923,30
DA:927,82
DA:928,82
DA:929,82
DA:933,0
DA:934,0
DA:935,0
DA:936,0
DA:937,0
DA:938,0
DA:939,0
DA:940,0
DA:942,57
DA:946,45
DA:947,45
DA:948,45
DA:952,1
DA:953,1
DA:954,1
DA:955,1
DA:956,11
DA:960,4
DA:961,4
DA:962,4
DA:963,4
DA:964,9
DA:965,9
DA:967,4
DA:968,4
DA:972,7
DA:973,7
DA:974,7
DA:975,7
DA:977,12
DA:979,12
DA:984,0
DA:986,0
DA:994,12
DA:996,12
DA:997,12
DA:998,12
DA:999,12
DA:1001,7
DA:1002,7
DA:1006,0
DA:1007,0
DA:1015,0
DA:1019,71
DA:1022,71
DA:1023,71
LF:362
LH:291
BRDA:70,0,0,4
BRDA:70,0,1,67
BRDA:76,1,0,5
BRDA:76,1,1,0
BRDA:90,2,0,0
BRDA:90,2,1,127
BRDA:91,3,0,0
BRDA:91,3,1,127
BRDA:91,4,0,127
BRDA:91,4,1,127
BRDA:96,5,0,127
BRDA:96,5,1,0
BRDA:115,6,0,0
BRDA:115,6,1,3411
BRDA:127,7,0,0
BRDA:127,7,1,1
BRDA:138,8,0,1186
BRDA:138,8,1,0
BRDA:158,9,0,88
BRDA:158,9,1,25
BRDA:172,10,0,255
BRDA:172,10,1,0
BRDA:179,11,0,0
BRDA:179,11,1,0
BRDA:197,12,0,444
BRDA:197,12,1,444
BRDA:197,13,0,444
BRDA:197,13,1,444
BRDA:214,14,0,103
BRDA:214,14,1,14
BRDA:214,14,2,0
BRDA:214,14,3,9
BRDA:214,14,4,2
BRDA:214,14,5,2
BRDA:214,14,6,50
BRDA:214,14,7,50
BRDA:214,14,8,50
BRDA:214,14,9,0
BRDA:214,14,10,6
BRDA:214,14,11,0
BRDA:214,14,12,0
BRDA:214,14,13,62
BRDA:214,14,14,3
BRDA:214,14,15,1
BRDA:214,14,16,0
BRDA:271,15,0,7
BRDA:271,15,1,96
BRDA:274,16,0,7
BRDA:274,16,1,11
BRDA:278,17,0,11
BRDA:278,17,1,0
BRDA:279,18,0,7
BRDA:279,18,1,4
BRDA:295,19,0,13
BRDA:295,19,1,83
BRDA:295,20,0,96
BRDA:295,20,1,13
BRDA:295,20,2,13
BRDA:299,21,0,13
BRDA:299,21,1,0
BRDA:301,22,0,3
BRDA:301,22,1,10
BRDA:301,23,0,13
BRDA:301,23,1,3
BRDA:305,24,0,3
BRDA:305,24,1,3
BRDA:325,25,0,0
BRDA:325,25,1,96
BRDA:345,26,0,103
BRDA:345,26,1,0
BRDA:346,27,0,103
BRDA:346,27,1,103
BRDA:346,27,2,103
BRDA:346,27,3,103
BRDA:358,28,0,103
BRDA:358,28,1,106
BRDA:361,29,0,0
BRDA:361,29,1,0
BRDA:371,30,0,0
BRDA:371,30,1,0
BRDA:395,31,0,0
BRDA:395,31,1,113
BRDA:402,32,0,113
BRDA:402,32,1,123
BRDA:404,33,0,123
BRDA:404,33,1,0
BRDA:407,34,0,113
BRDA:407,34,1,0
BRDA:411,35,0,113
BRDA:411,35,1,0
BRDA:414,36,0,9
BRDA:414,36,1,104
BRDA:450,37,0,1
BRDA:450,37,1,13
BRDA:452,38,0,1
BRDA:452,38,1,0
BRDA:474,39,0,5
BRDA:474,39,1,4
BRDA:476,40,0,5
BRDA:476,40,1,0
BRDA:476,41,0,5
BRDA:476,41,1,5
BRDA:498,42,0,0
BRDA:498,42,1,9
BRDA:501,43,0,0
BRDA:501,43,1,9
BRDA:569,44,0,3
BRDA:569,44,1,3
BRDA:594,45,0,1
BRDA:594,45,1,0
BRDA:619,46,0,50
BRDA:619,46,1,50
BRDA:627,47,0,50
BRDA:627,47,1,0
BRDA:633,48,0,2
BRDA:633,48,1,2
BRDA:633,48,2,48
BRDA:633,48,3,48
BRDA:633,48,4,0
BRDA:633,48,5,0
BRDA:633,48,6,0
BRDA:633,48,7,0
BRDA:633,48,8,0
BRDA:660,49,0,0
BRDA:660,49,1,0
BRDA:664,50,0,0
BRDA:664,50,1,0
BRDA:665,51,0,0
BRDA:665,51,1,0
BRDA:667,52,0,0
BRDA:667,52,1,0
BRDA:668,53,0,0
BRDA:668,53,1,0
BRDA:693,54,0,0
BRDA:693,54,1,6
BRDA:700,55,0,6
BRDA:700,55,1,0
BRDA:701,56,0,6
BRDA:701,56,1,10
BRDA:703,57,0,10
BRDA:703,57,1,0
BRDA:704,58,0,6
BRDA:704,58,1,4
BRDA:750,59,0,0
BRDA:750,59,1,0
BRDA:751,60,0,0
BRDA:751,60,1,0
BRDA:751,60,2,0
BRDA:770,61,0,6
BRDA:770,61,1,132
BRDA:816,62,0,31
BRDA:816,62,1,0
BRDA:816,63,0,169
BRDA:816,63,1,31
BRDA:820,64,0,200
BRDA:820,64,1,200
BRDA:840,65,0,0
BRDA:840,65,1,200
BRDA:854,66,0,0
BRDA:854,66,1,169
BRDA:859,67,0,0
BRDA:859,67,1,169
BRDA:878,68,0,1
BRDA:878,68,1,172
BRDA:881,69,0,1
BRDA:881,69,1,0
BRDA:884,70,0,3
BRDA:884,70,1,169
BRDA:888,71,0,3
BRDA:888,71,1,3
BRDA:890,72,0,3
BRDA:890,72,1,0
BRDA:921,73,0,30
BRDA:921,73,1,0
BRDA:927,74,0,82
BRDA:927,74,1,0
BRDA:933,75,0,0
BRDA:933,75,1,0
BRDA:946,76,0,45
BRDA:946,76,1,0
BRDA:952,77,0,1
BRDA:952,77,1,0
BRDA:960,78,0,4
BRDA:960,78,1,0
BRDA:963,79,0,9
BRDA:963,79,1,9
BRDA:965,80,0,4
BRDA:965,80,1,5
BRDA:972,81,0,7
BRDA:972,81,1,0
BRDA:975,82,0,12
BRDA:975,82,1,12
BRDA:979,83,0,12
BRDA:979,83,1,0
BRDA:980,84,0,1
BRDA:980,84,1,0
BRDA:980,84,2,12
BRDA:996,85,0,12
BRDA:996,85,1,-12
BRDA:996,86,0,0
BRDA:996,86,1,12
BRDA:998,87,0,12
BRDA:998,87,1,0
BRDA:999,88,0,7
BRDA:999,88,1,5
BRF:205
BRH:130
end_of_record
TN:
SF:src/parser/token-types.js
FNF:0
FNH:0
DA:16,0
DA:17,0
DA:18,0
DA:19,0
DA:20,0
DA:21,0
DA:24,0
DA:25,0
DA:26,0
DA:27,0
DA:28,0
DA:29,0
DA:30,0
DA:31,0
DA:32,0
DA:33,0
DA:34,0
DA:35,0
DA:36,0
DA:37,0
DA:38,0
DA:41,0
DA:42,0
DA:45,0
DA:46,0
DA:47,0
DA:48,0
DA:49,0
DA:50,0
DA:51,0
DA:52,0
DA:55,0
DA:56,0
DA:57,0
DA:58,0
DA:59,0
DA:60,0
DA:61,0
DA:62,0
DA:63,0
DA:64,0
DA:65,0
DA:68,0
DA:69,0
DA:70,0
DA:71,0
DA:72,0
DA:73,0
DA:74,0
DA:75,0
DA:78,0
DA:79,0
DA:80,0
DA:81,0
DA:82,0
DA:83,0
DA:86,0
DA:87,0
DA:88,0
DA:89,0
DA:90,0
DA:93,0
DA:94,0
DA:95,0
DA:96,0
DA:97,0
DA:98,0
DA:99,0
DA:100,0
DA:101,0
DA:102,0
DA:103,0
DA:106,0
DA:107,0
DA:110,0
DA:111,0
DA:112,0
DA:113,0
DA:114,0
DA:115,0
DA:116,0
DA:117,0
DA:118,0
DA:121,0
DA:122,0
DA:123,0
DA:124,0
DA:125,0
DA:126,0
DA:129,0
DA:130,0
DA:131,0
DA:134,0
DA:137,0
DA:138,0
DA:141,0
DA:142,0
DA:143,0
DA:146,0
DA:147,0
DA:148,0
DA:149,0
DA:152,0
DA:170,0
DA:206,0
DA:209,0
DA:228,0
LF:107
LH:0
BRF:0
BRH:0
end_of_record
TN:
SF:src/resolver/promptjs-resolver.js
FN:264,SemanticSymbol
FN:300,Scope
FN:315,(anonymous_2)
FN:325,(anonymous_3)
FN:344,PromptJSResolver
FN:380,(anonymous_5)
FN:416,(anonymous_6)
FN:476,(anonymous_7)
FN:478,(anonymous_8)
FN:509,(anonymous_9)
FN:571,(anonymous_10)
FN:621,(anonymous_11)
FN:627,(anonymous_12)
FN:668,(anonymous_13)
FN:675,(anonymous_14)
FN:678,(anonymous_15)
FN:692,(anonymous_16)
FN:713,(anonymous_17)
FN:741,(anonymous_18)
FN:759,(anonymous_19)
FN:775,(anonymous_20)
FN:791,(anonymous_21)
FN:810,(anonymous_22)
FN:851,(anonymous_23)
FN:876,(anonymous_24)
FN:892,(anonymous_25)
FN:905,(anonymous_26)
FN:918,(anonymous_27)
FN:930,(anonymous_28)
FN:951,(anonymous_29)
FN:964,(anonymous_30)
FN:977,(anonymous_31)
FN:997,(anonymous_32)
FN:1010,(anonymous_33)
FN:1033,(anonymous_34)
FN:1051,(anonymous_35)
FN:1066,(anonymous_36)
FN:1071,(anonymous_37)
FN:1088,(anonymous_38)
FN:1093,(anonymous_39)
FN:1114,(anonymous_40)
FN:1138,(anonymous_41)
FN:1155,(anonymous_42)
FN:1208,(anonymous_43)
FN:1244,(anonymous_44)
FN:1258,(anonymous_45)
FN:1284,(anonymous_46)
FN:1298,(anonymous_47)
FN:1314,(anonymous_48)
FN:1329,(anonymous_49)
FN:1348,(anonymous_50)
FNF:51
FNH:24
FNDA:75,SemanticSymbol
FNDA:214,Scope
FNDA:75,(anonymous_2)
FNDA:142,(anonymous_3)
FNDA:71,PromptJSResolver
FNDA:71,(anonymous_5)
FNDA:75,(anonymous_6)
FNDA:71,(anonymous_7)
FNDA:132,(anonymous_8)
FNDA:45,(anonymous_9)
FNDA:1,(anonymous_10)
FNDA:3,(anonymous_11)
FNDA:3,(anonymous_12)
FNDA:0,(anonymous_13)
FNDA:0,(anonymous_14)
FNDA:0,(anonymous_15)
FNDA:0,(anonymous_16)
FNDA:0,(anonymous_17)
FNDA:0,(anonymous_18)
FNDA:0,(anonymous_19)
FNDA:0,(anonymous_20)
FNDA:0,(anonymous_21)
FNDA:0,(anonymous_22)
FNDA:7,(anonymous_23)
FNDA:11,(anonymous_24)
FNDA:0,(anonymous_25)
FNDA:0,(anonymous_26)
FNDA:0,(anonymous_27)
FNDA:0,(anonymous_28)
FNDA:0,(anonymous_29)
FNDA:0,(anonymous_30)
FNDA:0,(anonymous_31)
FNDA:0,(anonymous_32)
FNDA:0,(anonymous_33)
FNDA:0,(anonymous_34)
FNDA:125,(anonymous_35)
FNDA:0,(anonymous_36)
FNDA:0,(anonymous_37)
FNDA:6,(anonymous_38)
FNDA:10,(anonymous_39)
FNDA:9,(anonymous_40)
FNDA:105,(anonymous_41)
FNDA:3,(anonymous_42)
FNDA:0,(anonymous_43)
FNDA:2,(anonymous_44)
FNDA:53,(anonymous_45)
FNDA:0,(anonymous_46)
FNDA:0,(anonymous_47)
FNDA:65,(anonymous_48)
FNDA:0,(anonymous_49)
FNDA:0,(anonymous_50)
DA:32,4
DA:33,4
DA:39,4
DA:119,4
DA:143,4
DA:178,4
DA:200,4
DA:234,4
DA:265,75
DA:266,75
DA:267,75
DA:268,75
DA:269,75
DA:270,75
DA:273,75
DA:274,75
DA:275,75
DA:276,75
DA:277,75
DA:278,75
DA:281,75
DA:284,75
DA:285,75
DA:286,75
DA:301,214
DA:302,214
DA:303,214
DA:304,214
DA:306,4
DA:315,4
DA:316,75
DA:325,4
DA:326,142
DA:327,94
DA:328,18
DA:345,71
DA:346,71
DA:347,71
DA:348,71
DA:349,71
DA:350,71
DA:351,71
DA:352,71
DA:355,4
DA:356,4
DA:363,4
DA:367,4
DA:380,4
DA:381,71
DA:382,71
DA:383,71
DA:384,71
DA:385,71
DA:386,71
DA:389,71
DA:392,71
DA:395,71
DA:400,71
DA:416,4
DA:418,75
DA:419,75
DA:420,0
DA:426,0
DA:430,75
DA:432,75
DA:433,0
DA:450,75
DA:457,75
DA:458,75
DA:461,75
DA:462,75
DA:476,4
DA:477,71
DA:478,71
DA:479,132
DA:480,2
DA:481,130
DA:482,53
DA:483,77
DA:484,0
DA:485,77
DA:486,0
DA:487,77
DA:488,0
DA:489,77
DA:490,6
DA:509,4
DA:511,45
DA:512,0
DA:518,45
DA:519,0
DA:520,0
DA:523,45
DA:524,45
DA:525,42
DA:526,42
DA:527,42
DA:528,42
DA:532,3
DA:533,0
DA:534,0
DA:538,3
DA:539,3
DA:540,3
DA:545,0
DA:546,0
DA:547,0
DA:550,0
DA:551,0
DA:571,4
DA:573,1
DA:576,1
DA:577,1
DA:580,1
DA:581,0
DA:585,1
DA:586,0
DA:587,0
DA:588,0
DA:591,1
DA:592,0
DA:593,0
DA:594,0
DA:596,0
DA:606,0
DA:621,4
DA:623,3
DA:626,3
DA:627,3
DA:631,3
DA:632,2
DA:633,2
DA:634,0
DA:635,0
DA:636,0
DA:637,0
DA:640,0
DA:641,0
DA:645,0
DA:646,0
DA:652,3
DA:653,0
DA:654,0
DA:668,4
DA:670,0
DA:671,0
DA:674,0
DA:675,0
DA:677,0
DA:678,0
DA:682,0
DA:692,4
DA:693,0
DA:694,0
DA:695,0
DA:696,0
DA:713,4
DA:714,0
DA:715,0
DA:716,0
DA:717,0
DA:718,0
DA:721,0
DA:722,0
DA:741,4
DA:743,0
DA:744,0
DA:745,0
DA:746,0
DA:748,0
DA:759,4
DA:760,0
DA:761,0
DA:762,0
DA:763,0
DA:765,0
DA:775,4
DA:776,0
DA:777,0
DA:778,0
DA:779,0
DA:781,0
DA:791,4
DA:792,0
DA:793,0
DA:794,0
DA:795,0
DA:797,0
DA:810,4
DA:812,0
DA:813,0
DA:814,0
DA:816,0
DA:818,0
DA:819,0
DA:825,0
DA:828,0
DA:829,0
DA:830,0
DA:851,4
DA:853,7
DA:854,7
DA:855,1
DA:857,1
DA:863,6
DA:865,0
DA:875,7
DA:876,11
DA:877,11
DA:881,7
DA:892,4
DA:893,0
DA:894,0
DA:905,4
DA:906,0
DA:907,0
DA:918,4
DA:919,0
DA:920,0
DA:930,4
DA:932,0
DA:934,0
DA:935,0
DA:936,0
DA:937,0
DA:939,0
DA:951,4
DA:952,0
DA:953,0
DA:964,4
DA:965,0
DA:966,0
DA:977,4
DA:980,0
DA:981,0
DA:982,0
DA:983,0
DA:986,0
DA:997,4
DA:998,0
DA:999,0
DA:1010,4
DA:1011,0
DA:1014,0
DA:1015,0
DA:1017,0
DA:1018,0
DA:1021,0
DA:1022,0
DA:1033,4
DA:1035,0
DA:1037,0
DA:1038,0
DA:1039,0
DA:1040,0
DA:1051,4
DA:1052,125
DA:1053,125
DA:1054,125
DA:1055,125
DA:1066,4
DA:1067,0
DA:1068,0
DA:1070,0
DA:1071,0
DA:1072,0
DA:1076,0
DA:1077,0
DA:1088,4
DA:1089,6
DA:1090,6
DA:1092,6
DA:1093,10
DA:1094,10
DA:1099,6
DA:1100,6
DA:1101,6
DA:1103,6
DA:1114,4
DA:1116,9
DA:1118,9
DA:1119,9
DA:1121,4
DA:1122,4
DA:1125,9
DA:1126,9
DA:1138,4
DA:1139,105
DA:1140,105
DA:1141,4
DA:1155,4
DA:1157,3
DA:1158,3
DA:1159,3
DA:1160,3
DA:1167,0
DA:1177,0
DA:1181,3
DA:1182,0
DA:1191,3
DA:1192,3
DA:1193,3
DA:1194,3
DA:1195,3
DA:1208,4
DA:1210,0
DA:1211,0
DA:1213,0
DA:1214,0
DA:1220,0
DA:1222,0
DA:1230,0
DA:1231,0
DA:1232,0
DA:1233,0
DA:1244,4
DA:1245,2
DA:1246,0
DA:1248,4
DA:1258,4
DA:1259,53
DA:1261,0
DA:1262,0
DA:1266,0
DA:1267,0
DA:1274,4
DA:1284,4
DA:1285,0
DA:1286,0
DA:1288,4
DA:1298,4
DA:1299,0
DA:1300,0
DA:1302,4
DA:1314,4
DA:1329,4
DA:1330,0
DA:1348,4
DA:1349,0
DA:1357,4
LF:340
LH:190
BRDA:264,0,0,75
BRDA:267,1,0,75
BRDA:267,1,1,0
BRDA:270,2,0,75
BRDA:270,2,1,0
BRDA:273,3,0,75
BRDA:273,3,1,63
BRDA:274,4,0,75
BRDA:274,4,1,63
BRDA:281,5,0,75
BRDA:281,5,1,75
BRDA:326,6,0,48
BRDA:326,6,1,94
BRDA:327,7,0,76
BRDA:327,7,1,18
BRDA:416,8,0,75
BRDA:419,9,0,0
BRDA:419,9,1,75
BRDA:430,10,0,14
BRDA:430,10,1,61
BRDA:432,11,0,0
BRDA:432,11,1,75
BRDA:441,12,0,0
BRDA:441,12,1,0
BRDA:441,13,0,0
BRDA:441,13,1,0
BRDA:477,14,0,0
BRDA:477,14,1,71
BRDA:479,15,0,2
BRDA:479,15,1,130
BRDA:481,16,0,53
BRDA:481,16,1,77
BRDA:483,17,0,0
BRDA:483,17,1,77
BRDA:485,18,0,0
BRDA:485,18,1,77
BRDA:487,19,0,0
BRDA:487,19,1,77
BRDA:489,20,0,6
BRDA:489,20,1,71
BRDA:511,21,0,0
BRDA:511,21,1,45
BRDA:511,22,0,45
BRDA:511,22,1,45
BRDA:511,22,2,0
BRDA:518,23,0,0
BRDA:518,23,1,45
BRDA:518,24,0,45
BRDA:518,24,1,0
BRDA:524,25,0,42
BRDA:524,25,1,3
BRDA:532,26,0,0
BRDA:532,26,1,3
BRDA:538,27,0,3
BRDA:538,27,1,0
BRDA:545,28,0,0
BRDA:545,28,1,0
BRDA:576,29,0,1
BRDA:576,29,1,0
BRDA:580,30,0,0
BRDA:580,30,1,1
BRDA:585,31,0,0
BRDA:585,31,1,1
BRDA:591,32,0,0
BRDA:591,32,1,1
BRDA:626,33,0,3
BRDA:626,33,1,0
BRDA:626,34,0,3
BRDA:626,34,1,3
BRDA:631,35,0,2
BRDA:631,35,1,1
BRDA:631,36,0,3
BRDA:631,36,1,3
BRDA:633,37,0,0
BRDA:633,37,1,2
BRDA:640,38,0,0
BRDA:640,38,1,0
BRDA:645,39,0,0
BRDA:645,39,1,0
BRDA:652,40,0,0
BRDA:652,40,1,3
BRDA:652,41,0,3
BRDA:652,41,1,3
BRDA:652,41,2,1
BRDA:674,42,0,0
BRDA:674,42,1,0
BRDA:674,43,0,0
BRDA:674,43,1,0
BRDA:677,44,0,0
BRDA:677,44,1,0
BRDA:677,45,0,0
BRDA:677,45,1,0
BRDA:693,46,0,0
BRDA:693,46,1,0
BRDA:695,47,0,0
BRDA:695,47,1,0
BRDA:714,48,0,0
BRDA:714,48,1,0
BRDA:716,49,0,0
BRDA:716,49,1,0
BRDA:721,50,0,0
BRDA:721,50,1,0
BRDA:743,51,0,0
BRDA:743,51,1,0
BRDA:745,52,0,0
BRDA:745,52,1,0
BRDA:745,53,0,0
BRDA:745,53,1,0
BRDA:760,54,0,0
BRDA:760,54,1,0
BRDA:762,55,0,0
BRDA:762,55,1,0
BRDA:762,56,0,0
BRDA:762,56,1,0
BRDA:776,57,0,0
BRDA:776,57,1,0
BRDA:778,58,0,0
BRDA:778,58,1,0
BRDA:778,59,0,0
BRDA:778,59,1,0
BRDA:792,60,0,0
BRDA:792,60,1,0
BRDA:794,61,0,0
BRDA:794,61,1,0
BRDA:794,62,0,0
BRDA:794,62,1,0
BRDA:812,63,0,0
BRDA:812,63,1,0
BRDA:813,64,0,0
BRDA:813,64,1,0
BRDA:818,65,0,0
BRDA:818,65,1,0
BRDA:818,66,0,0
BRDA:818,66,1,0
BRDA:825,67,0,0
BRDA:825,67,1,0
BRDA:828,68,0,0
BRDA:828,68,1,0
BRDA:828,69,0,0
BRDA:828,69,1,0
BRDA:829,70,0,0
BRDA:829,70,1,0
BRDA:853,71,0,7
BRDA:853,71,1,0
BRDA:855,72,0,1
BRDA:855,72,1,6
BRDA:863,73,0,0
BRDA:863,73,1,6
BRDA:875,74,0,7
BRDA:875,74,1,0
BRDA:877,75,0,11
BRDA:877,75,1,0
BRDA:893,76,0,0
BRDA:893,76,1,0
BRDA:906,77,0,0
BRDA:906,77,1,0
BRDA:919,78,0,0
BRDA:919,78,1,0
BRDA:932,79,0,0
BRDA:932,79,1,0
BRDA:935,80,0,0
BRDA:935,80,1,0
BRDA:937,81,0,0
BRDA:937,81,1,0
BRDA:952,82,0,0
BRDA:952,82,1,0
BRDA:965,83,0,0
BRDA:965,83,1,0
BRDA:980,84,0,0
BRDA:980,84,1,0
BRDA:982,85,0,0
BRDA:982,85,1,0
BRDA:998,86,0,0
BRDA:998,86,1,0
BRDA:1011,87,0,0
BRDA:1011,87,1,0
BRDA:1017,88,0,0
BRDA:1017,88,1,0
BRDA:1035,89,0,0
BRDA:1035,89,1,0
BRDA:1039,90,0,0
BRDA:1039,90,1,0
BRDA:1070,91,0,0
BRDA:1070,91,1,0
BRDA:1092,92,0,6
BRDA:1092,92,1,0
BRDA:1121,93,0,4
BRDA:1121,93,1,0
BRDA:1157,94,0,3
BRDA:1157,94,1,0
BRDA:1158,95,0,3
BRDA:1158,95,1,0
BRDA:1181,96,0,0
BRDA:1181,96,1,3
BRDA:1181,97,0,3
BRDA:1181,97,1,3
BRDA:1181,97,2,3
BRDA:1193,98,0,3
BRDA:1193,98,1,-3
BRDA:1194,99,0,3
BRDA:1194,99,1,0
BRDA:1211,100,0,0
BRDA:1211,100,1,0
BRDA:1220,101,0,0
BRDA:1220,101,1,0
BRDA:1245,102,0,0
BRDA:1245,102,1,2
BRDA:1259,103,0,0
BRDA:1259,103,1,53
BRDA:1261,104,0,0
BRDA:1261,104,1,0
BRDA:1266,105,0,0
BRDA:1266,105,1,0
BRDA:1266,106,0,0
BRDA:1266,106,1,0
BRDA:1285,107,0,0
BRDA:1285,107,1,0
BRDA:1299,108,0,0
BRDA:1299,108,1,0
BRDA:1333,109,0,4
BRDA:1333,109,1,4
BRDA:1352,110,0,4
BRDA:1352,110,1,4
BRF:223
BRH:75
end_of_record
TN:
SF:src/utils/visitor.js
FN:76,accept
FN:101,traverse
FN:118,getChildKeys
FN:231,BaseVisitor
FN:245,(anonymous_4)
FN:340,(anonymous_5)
FN:341,(anonymous_6)
FN:365,CollectingVisitor
FN:380,(anonymous_8)
FN:417,formatAST
FNF:10
FNH:6
FNDA:1985,accept
FNDA:0,traverse
FNDA:1527,getChildKeys
FNDA:212,BaseVisitor
FNDA:1527,(anonymous_4)
FNDA:224,(anonymous_5)
FNDA:1044,(anonymous_6)
FNDA:0,CollectingVisitor
FNDA:0,(anonymous_8)
FNDA:0,formatAST
DA:77,1985
DA:79,1985
DA:81,1985
DA:82,1985
DA:86,0
DA:87,0
DA:90,0
DA:102,0
DA:105,0
DA:119,1527
DA:121,142
DA:123,374
DA:125,210
DA:127,0
DA:129,0
DA:131,0
DA:133,0
DA:135,0
DA:137,3
DA:139,0
DA:141,0
DA:143,0
DA:145,28
DA:147,9
DA:149,0
DA:151,0
DA:153,0
DA:155,0
DA:157,0
DA:159,0
DA:161,0
DA:163,0
DA:165,12
DA:167,0
DA:169,14
DA:171,0
DA:173,0
DA:175,62
DA:177,0
DA:179,12
DA:181,1
DA:183,3
DA:185,0
DA:187,14
DA:189,8
DA:191,210
DA:193,27
DA:195,0
DA:197,20
DA:199,3
DA:201,4
DA:203,106
DA:205,0
DA:207,0
DA:209,0
DA:211,0
DA:213,0
DA:215,0
DA:217,265
DA:245,4
DA:246,1527
DA:247,1527
DA:248,2295
DA:249,2295
DA:250,2295
DA:251,777
DA:252,755
DA:253,733
DA:256,1518
DA:258,796
DA:259,722
DA:262,20
DA:263,20
DA:264,20
DA:265,20
DA:266,20
DA:281,4
DA:340,4
DA:341,224
DA:342,1044
DA:366,0
DA:367,0
DA:370,4
DA:371,4
DA:380,4
DA:381,0
DA:382,0
DA:386,0
DA:387,0
DA:388,0
DA:389,0
DA:390,0
DA:391,0
DA:392,0
DA:393,0
DA:396,0
DA:397,0
DA:418,0
DA:419,0
DA:421,0
DA:422,0
DA:424,0
DA:426,0
DA:427,0
DA:428,0
DA:431,0
DA:432,0
DA:435,0
DA:436,0
DA:444,0
DA:448,0
DA:449,0
DA:452,0
DA:455,0
DA:456,0
DA:457,0
DA:458,0
DA:459,0
DA:460,0
DA:462,0
DA:463,0
DA:467,0
DA:470,4
LF:123
LH:51
BRDA:77,0,0,0
BRDA:77,0,1,1985
BRDA:77,1,0,1985
BRDA:77,1,1,1985
BRDA:81,2,0,1985
BRDA:81,2,1,0
BRDA:86,3,0,0
BRDA:86,3,1,0
BRDA:102,4,0,0
BRDA:102,4,1,0
BRDA:119,5,0,142
BRDA:119,5,1,374
BRDA:119,5,2,210
BRDA:119,5,3,0
BRDA:119,5,4,0
BRDA:119,5,5,0
BRDA:119,5,6,0
BRDA:119,5,7,0
BRDA:119,5,8,3
BRDA:119,5,9,0
BRDA:119,5,10,0
BRDA:119,5,11,0
BRDA:119,5,12,28
BRDA:119,5,13,9
BRDA:119,5,14,0
BRDA:119,5,15,0
BRDA:119,5,16,0
BRDA:119,5,17,0
BRDA:119,5,18,0
BRDA:119,5,19,0
BRDA:119,5,20,0
BRDA:119,5,21,0
BRDA:119,5,22,12
BRDA:119,5,23,0
BRDA:119,5,24,14
BRDA:119,5,25,0
BRDA:119,5,26,0
BRDA:119,5,27,62
BRDA:119,5,28,0
BRDA:119,5,29,12
BRDA:119,5,30,1
BRDA:119,5,31,3
BRDA:119,5,32,0
BRDA:119,5,33,14
BRDA:119,5,34,8
BRDA:119,5,35,210
BRDA:119,5,36,27
BRDA:119,5,37,0
BRDA:119,5,38,20
BRDA:119,5,39,3
BRDA:119,5,40,4
BRDA:119,5,41,106
BRDA:119,5,42,0
BRDA:119,5,43,0
BRDA:119,5,44,0
BRDA:119,5,45,0
BRDA:119,5,46,0
BRDA:119,5,47,0
BRDA:119,5,48,265
BRDA:250,6,0,777
BRDA:250,6,1,1518
BRDA:252,7,0,733
BRDA:252,7,1,22
BRDA:252,8,0,755
BRDA:252,8,1,755
BRDA:252,8,2,755
BRDA:256,9,0,796
BRDA:256,9,1,722
BRDA:256,10,0,1518
BRDA:256,10,1,816
BRDA:256,10,2,816
BRDA:259,11,0,20
BRDA:259,11,1,702
BRDA:259,12,0,722
BRDA:259,12,1,20
BRDA:259,12,2,20
BRDA:263,13,0,20
BRDA:263,13,1,0
BRDA:265,14,0,20
BRDA:265,14,1,0
BRDA:265,15,0,20
BRDA:265,15,1,20
BRDA:265,15,2,20
BRDA:381,16,0,0
BRDA:381,16,1,0
BRDA:390,17,0,0
BRDA:390,17,1,0
BRDA:392,18,0,0
BRDA:392,18,1,0
BRDA:392,19,0,0
BRDA:392,19,1,0
BRDA:392,19,2,0
BRDA:396,20,0,0
BRDA:396,20,1,0
BRDA:396,21,0,0
BRDA:396,21,1,0
BRDA:396,21,2,0
BRDA:418,22,0,0
BRDA:418,22,1,0
BRDA:419,23,0,0
BRDA:419,23,1,0
BRDA:424,24,0,0
BRDA:424,24,1,0
BRDA:427,25,0,0
BRDA:427,25,1,0
BRDA:436,26,0,0
BRDA:436,26,1,0
BRDA:437,27,0,0
BRDA:437,27,1,0
BRDA:437,27,2,0
BRDA:437,27,3,0
BRDA:437,27,4,0
BRDA:437,27,5,0
BRDA:448,28,0,0
BRDA:448,28,1,0
BRDA:458,29,0,0
BRDA:458,29,1,0
BRDA:462,30,0,0
BRDA:462,30,1,0
BRDA:462,31,0,0
BRDA:462,31,1,0
BRF:121
BRH:47
end_of_record
